[    0.000000] Initializing cgroup subsys cpuset
[    0.000000] Initializing cgroup subsys cpu
[    0.000000] Initializing cgroup subsys cpuacct
[    0.000000] Linux version 4.4.0-210-generic (buildd@lgw01-amd64-009) (gcc version 5.4.0 20160609 (Ubuntu 5.4.0-6ubuntu1~16.04.12) ) #242-Ubuntu SMP Fri Apr 16 09:57:56 UTC 2021 (Ubuntu 4.4.0-210.242-generic 4.4.262)
[    0.000000] Command line: BOOT_IMAGE=/boot/vmlinuz-4.4.0-210-generic root=LABEL=cloudimg-rootfs ro console=tty1 console=ttyS0
[    0.000000] KERNEL supported cpus:
[    0.000000]   Intel GenuineIntel
[    0.000000]   AMD AuthenticAMD
[    0.000000]   Centaur CentaurHauls
[    0.000000] x86/fpu: Legacy x87 FPU detected.
[    0.000000] e820: BIOS-provided physical RAM map:
[    0.000000] BIOS-e820: [mem 0x0000000000000000-0x000000000009fbff] usable
[    0.000000] BIOS-e820: [mem 0x000000000009fc00-0x000000000009ffff] reserved
[    0.000000] BIOS-e820: [mem 0x00000000000f0000-0x00000000000fffff] reserved
[    0.000000] BIOS-e820: [mem 0x0000000000100000-0x000000003ffeffff] usable
[    0.000000] BIOS-e820: [mem 0x000000003fff0000-0x000000003fffffff] ACPI data
[    0.000000] BIOS-e820: [mem 0x00000000fec00000-0x00000000fec00fff] reserved
[    0.000000] BIOS-e820: [mem 0x00000000fee00000-0x00000000fee00fff] reserved
[    0.000000] BIOS-e820: [mem 0x00000000fffc0000-0x00000000ffffffff] reserved
[    0.000000] NX (Execute Disable) protection: active
[    0.000000] SMBIOS 2.5 present.
[    0.000000] Hypervisor detected: KVM
[    0.000000] Kernel/User page tables isolation: disabled
[    0.000000] e820: last_pfn = 0x3fff0 max_arch_pfn = 0x400000000
[    0.000000] MTRR: Disabled
[    0.000000] x86/PAT: MTRRs disabled, skipping PAT initialization too.
[    0.000000] CPU MTRRs all blank - virtualized system.
[    0.000000] x86/PAT: Configuration [0-7]: WB  WT  UC- UC  WB  WT  UC- UC  
[    0.000000] found SMP MP-table at [mem 0x0009fff0-0x0009ffff] mapped at [ffff88000009fff0]
[    0.000000] Scanning 1 areas for low memory corruption
[    0.000000] RAMDISK: [mem 0x362dc000-0x37165fff]
[    0.000000] ACPI: Early table checksum verification disabled
[    0.000000] ACPI: RSDP 0x00000000000E0000 000024 (v02 VBOX  )
[    0.000000] ACPI: XSDT 0x000000003FFF0030 00003C (v01 VBOX   VBOXXSDT 00000001 ASL  00000061)
[    0.000000] ACPI: FACP 0x000000003FFF00F0 0000F4 (v04 VBOX   VBOXFACP 00000001 ASL  00000061)
[    0.000000] ACPI: DSDT 0x000000003FFF0470 002325 (v02 VBOX   VBOXBIOS 00000002 INTL 20100528)
[    0.000000] ACPI: FACS 0x000000003FFF0200 000040
[    0.000000] ACPI: FACS 0x000000003FFF0200 000040
[    0.000000] ACPI: APIC 0x000000003FFF0240 00005C (v02 VBOX   VBOXAPIC 00000001 ASL  00000061)
[    0.000000] ACPI: SSDT 0x000000003FFF02A0 0001CC (v01 VBOX   VBOXCPUT 00000002 INTL 20100528)
[    0.000000] No NUMA configuration found
[    0.000000] Faking a node at [mem 0x0000000000000000-0x000000003ffeffff]
[    0.000000] NODE_DATA(0) allocated [mem 0x3ffeb000-0x3ffeffff]
[    0.000000] kvm-clock: Using msrs 4b564d01 and 4b564d00
[    0.000000] kvm-clock: cpu 0, msr 0:3ffe3001, primary cpu clock
[    0.000000] kvm-clock: using sched offset of 4124965303 cycles
[    0.000000] clocksource: kvm-clock: mask: 0xffffffffffffffff max_cycles: 0x1cd42e4dffb, max_idle_ns: 881590591483 ns
[    0.000000] Zone ranges:
[    0.000000]   DMA      [mem 0x0000000000001000-0x0000000000ffffff]
[    0.000000]   DMA32    [mem 0x0000000001000000-0x000000003ffeffff]
[    0.000000]   Normal   empty
[    0.000000]   Device   empty
[    0.000000] Movable zone start for each node
[    0.000000] Early memory node ranges
[    0.000000]   node   0: [mem 0x0000000000001000-0x000000000009efff]
[    0.000000]   node   0: [mem 0x0000000000100000-0x000000003ffeffff]
[    0.000000] Initmem setup node 0 [mem 0x0000000000001000-0x000000003ffeffff]
[    0.000000] ACPI: PM-Timer IO Port: 0x4008
[    0.000000] IOAPIC[0]: apic_id 2, version 32, address 0xfec00000, GSI 0-23
[    0.000000] ACPI: INT_SRC_OVR (bus 0 bus_irq 0 global_irq 2 dfl dfl)
[    0.000000] ACPI: INT_SRC_OVR (bus 0 bus_irq 9 global_irq 9 low level)
[    0.000000] Using ACPI (MADT) for SMP configuration information
[    0.000000] smpboot: Allowing 2 CPUs, 0 hotplug CPUs
[    0.000000] PM: Registered nosave memory: [mem 0x00000000-0x00000fff]
[    0.000000] PM: Registered nosave memory: [mem 0x0009f000-0x0009ffff]
[    0.000000] PM: Registered nosave memory: [mem 0x000a0000-0x000effff]
[    0.000000] PM: Registered nosave memory: [mem 0x000f0000-0x000fffff]
[    0.000000] e820: [mem 0x40000000-0xfebfffff] available for PCI devices
[    0.000000] Booting paravirtualized kernel on KVM
[    0.000000] clocksource: refined-jiffies: mask: 0xffffffff max_cycles: 0xffffffff, max_idle_ns: 7645519600211568 ns
[    0.000000] setup_percpu: NR_CPUS:512 nr_cpumask_bits:512 nr_cpu_ids:2 nr_node_ids:1
[    0.000000] PERCPU: Embedded 33 pages/cpu @ffff88003fc00000 s95192 r8192 d31784 u1048576
[    0.000000] Built 1 zonelists in Node order, mobility grouping on.  Total pages: 257912
[    0.000000] Policy zone: DMA32
[    0.000000] Kernel command line: BOOT_IMAGE=/boot/vmlinuz-4.4.0-210-generic root=LABEL=cloudimg-rootfs ro console=tty1 console=ttyS0
[    0.000000] PID hash table entries: 4096 (order: 3, 32768 bytes)
[    0.000000] Memory: 997792K/1048120K available (8644K kernel code, 1332K rwdata, 4044K rodata, 1492K init, 1164K bss, 50328K reserved, 0K cma-reserved)
[    0.000000] SLUB: HWalign=64, Order=0-3, MinObjects=0, CPUs=2, Nodes=1
[    0.000000] Hierarchical RCU implementation.
[    0.000000] 	Build-time adjustment of leaf fanout to 64.
[    0.000000] 	RCU restricting CPUs from NR_CPUS=512 to nr_cpu_ids=2.
[    0.000000] RCU: Adjusting geometry for rcu_fanout_leaf=64, nr_cpu_ids=2
[    0.000000] NR_IRQS:33024 nr_irqs:440 16
[    0.000000] Console: colour VGA+ 80x25
[    0.000000] console [tty1] enabled
[    0.000000] console [ttyS0] enabled
[    0.000000] tsc: Detected 1800.006 MHz processor
[    0.592370] Calibrating delay loop (skipped) preset value.. 3600.01 BogoMIPS (lpj=7200024)
[    0.601017] pid_max: default: 32768 minimum: 301
[    0.605860] ACPI: Core revision 20150930
[    0.611080] ACPI: 2 ACPI AML tables successfully acquired and loaded
[    0.621079] Security Framework initialized
[    0.625537] Yama: becoming mindful.
[    0.629053] AppArmor: AppArmor initialized
[    0.633112] Dentry cache hash table entries: 131072 (order: 8, 1048576 bytes)
[    0.642885] Inode-cache hash table entries: 65536 (order: 7, 524288 bytes)
[    0.656037] Mount-cache hash table entries: 2048 (order: 2, 16384 bytes)
[    0.662778] Mountpoint-cache hash table entries: 2048 (order: 2, 16384 bytes)
[    0.674082] Initializing cgroup subsys io
[    0.681135] Initializing cgroup subsys memory
[    0.685425] Initializing cgroup subsys devices
[    0.689789] Initializing cgroup subsys freezer
[    0.694383] Initializing cgroup subsys net_cls
[    0.698982] Initializing cgroup subsys perf_event
[    0.703149] Initializing cgroup subsys net_prio
[    0.707735] Initializing cgroup subsys hugetlb
[    0.713259] Initializing cgroup subsys pids
[    0.718281] mce: CPU supports 0 MCE banks
[    0.723029] Last level iTLB entries: 4KB 64, 2MB 8, 4MB 8
[    0.730970] Last level dTLB entries: 4KB 64, 2MB 0, 4MB 0, 1GB 4
[    0.740370] Spectre V1 : Mitigation: usercopy/swapgs barriers and __user pointer sanitization
[    0.748294] Spectre V2 : Mitigation: Enhanced IBRS
[    0.753157] Spectre V2 : Spectre v2 / SpectreRSB mitigation: Filling RSB on context switch
[    0.762002] Speculative Store Bypass: Vulnerable
[    0.805977] Freeing SMP alternatives memory: 36K
[    0.890449] ftrace: allocating 32380 entries in 127 pages
[    1.484169] smpboot: APIC(0) Converting physical 0 to logical package 0
[    1.491316] smpboot: Max logical packages: 1
[    1.513257] ..TIMER: vector=0x30 apic1=0 pin1=2 apic2=-1 pin2=-1
[    1.628575] smpboot: CPU0: Intel(R) Core(TM) i5-8265U CPU @ 1.60GHz (family: 0x6, model: 0x8e, stepping: 0xc)
[    1.637774] Performance Events: unsupported p6 CPU model 142 no PMU driver, software events only.
[    1.737960] KVM setup paravirtual spinlock
[    1.744187] x86: Booting SMP configuration:
[    1.748586] .... node  #0, CPUs:      #1
[    1.753458] kvm-clock: cpu 1, msr 0:3ffe3041, secondary cpu clock
[    1.759371] mce: CPU supports 0 MCE banks
[    1.764200] TSC synchronization [CPU#0 -> CPU#1]:
[    1.768558] Measured 38582 cycles TSC warp between CPUs, turning off TSC clock.
[    1.774740] tsc: Marking TSC unstable due to check_tsc_sync_source failed
[    0.518581] x86: Booted up 1 node, 2 CPUs
[    0.520004] smpboot: Total of 2 processors activated (7200.02 BogoMIPS)
[    0.529014] devtmpfs: initialized
[    0.534231] evm: security.selinux
[    0.536008] evm: security.SMACK64
[    0.540002] evm: security.SMACK64EXEC
[    0.544003] evm: security.SMACK64TRANSMUTE
[    0.548002] evm: security.SMACK64MMAP
[    0.551140] evm: security.ima
[    0.552006] evm: security.capability
[    0.560280] clocksource: jiffies: mask: 0xffffffff max_cycles: 0xffffffff, max_idle_ns: 7645041785100000 ns
[    0.564013] futex hash table entries: 512 (order: 3, 32768 bytes)
[    0.568351] pinctrl core: initialized pinctrl subsystem
[    0.572358] RTC time: 21:31:51, date: 04/28/23
[    0.580888] NET: Registered protocol family 16
[    0.596017] cpuidle: using governor ladder
[    0.612010] cpuidle: using governor menu
[    0.616137] PCCT header not found.
[    0.620089] ACPI: bus type PCI registered
[    0.624003] acpiphp: ACPI Hot Plug PCI Controller Driver version: 0.5
[    0.628462] PCI: Using configuration type 1 for base access
[    0.652116] ACPI: Added _OSI(Module Device)
[    0.656003] ACPI: Added _OSI(Processor Device)
[    0.660005] ACPI: Added _OSI(3.0 _SCP Extensions)
[    0.664003] ACPI: Added _OSI(Processor Aggregator Device)
[    0.672342] ACPI: Executed 1 blocks of module-level executable AML code
[    0.684075] ACPI: Interpreter enabled
[    0.688011] ACPI: (supports S0 S5)
[    0.691000] ACPI: Using IOAPIC for interrupt routing
[    0.692334] PCI: Using host bridge windows from ACPI; if necessary, use "pci=nocrs" and report a bug
[    0.705559] ACPI: PCI Root Bridge [PCI0] (domain 0000 [bus 00-ff])
[    0.708007] acpi PNP0A03:00: _OSC: OS supports [ASPM ClockPM Segments MSI]
[    0.712641] acpi PNP0A03:00: _OSC: not requesting OS control; OS requires [ExtendedConfig ASPM ClockPM MSI]
[    0.716015] acpi PNP0A03:00: fail to add MMCONFIG information, can't access extended PCI configuration space under this bridge.
[    0.720683] PCI host bridge to bus 0000:00
[    0.724006] pci_bus 0000:00: root bus resource [io  0x0000-0x0cf7 window]
[    0.728006] pci_bus 0000:00: root bus resource [io  0x0d00-0xffff window]
[    0.732004] pci_bus 0000:00: root bus resource [mem 0x000a0000-0x000bffff window]
[    0.736004] pci_bus 0000:00: root bus resource [mem 0x40000000-0xfdffffff window]
[    0.744012] pci_bus 0000:00: root bus resource [bus 00-ff]
[    0.754115] pci 0000:00:01.1: legacy IDE quirk: reg 0x10: [io  0x01f0-0x01f7]
[    0.756006] pci 0000:00:01.1: legacy IDE quirk: reg 0x14: [io  0x03f6]
[    0.760005] pci 0000:00:01.1: legacy IDE quirk: reg 0x18: [io  0x0170-0x0177]
[    0.764010] pci 0000:00:01.1: legacy IDE quirk: reg 0x1c: [io  0x0376]
[    0.786683] pci 0000:00:07.0: quirk: [io  0x4000-0x403f] claimed by PIIX4 ACPI
[    0.788043] pci 0000:00:07.0: quirk: [io  0x4100-0x410f] claimed by PIIX4 SMB
[    0.802203] ACPI: PCI Interrupt Link [LNKA] (IRQs 5 9 10 *11)
[    0.809520] ACPI: PCI Interrupt Link [LNKB] (IRQs 5 9 *10 11)
[    0.820224] ACPI: PCI Interrupt Link [LNKC] (IRQs 5 *9 10 11)
[    0.830660] ACPI: PCI Interrupt Link [LNKD] (IRQs 5 9 10 *11)
[    0.838090] ACPI: Enabled 2 GPEs in block 00 to 07
[    0.840213] vgaarb: setting as boot device: PCI:0000:00:02.0
[    0.844000] vgaarb: device added: PCI:0000:00:02.0,decodes=io+mem,owns=io+mem,locks=none
[    0.844006] vgaarb: loaded
[    0.848005] vgaarb: bridge control possible 0000:00:02.0
[    0.856133] SCSI subsystem initialized
[    0.860175] ACPI: bus type USB registered
[    0.864020] usbcore: registered new interface driver usbfs
[    0.868045] usbcore: registered new interface driver hub
[    0.872033] usbcore: registered new device driver usb
[    0.876468] PCI: Using ACPI for IRQ routing
[    0.884287] NetLabel: Initializing
[    0.887123] NetLabel:  domain hash size = 128
[    0.888002] NetLabel:  protocols = UNLABELED CIPSOv4
[    0.892017] NetLabel:  unlabeled traffic allowed by default
[    0.896156] amd_nb: Cannot enumerate AMD northbridges
[    0.900237] clocksource: Switched to clocksource kvm-clock
[    0.929176] AppArmor: AppArmor Filesystem Enabled
[    0.929934] pnp: PnP ACPI init
[    0.929934] pnp: PnP ACPI: found 3 devices
[    0.986363] clocksource: acpi_pm: mask: 0xffffff max_cycles: 0xffffff, max_idle_ns: 2085701024 ns
[    0.988499] NET: Registered protocol family 2
[    1.000255] TCP established hash table entries: 8192 (order: 4, 65536 bytes)
[    1.004175] TCP bind hash table entries: 8192 (order: 5, 131072 bytes)
[    1.004175] TCP: Hash tables configured (established 8192 bind 8192)
[    1.004175] UDP hash table entries: 512 (order: 2, 16384 bytes)
[    1.004175] UDP-Lite hash table entries: 512 (order: 2, 16384 bytes)
[    1.004175] NET: Registered protocol family 1
[    1.004175] pci 0000:00:00.0: Limiting direct PCI/PCI transfers
[    1.004175] pci 0000:00:01.0: Activating ISA DMA hang workarounds
[    1.004175] Unpacking initramfs...
[    1.004175] Freeing initrd memory: 14888K
[    1.004175] clocksource: tsc: mask: 0xffffffffffffffff max_cycles: 0x19f22f68897, max_idle_ns: 440795282550 ns
[    1.004175] platform rtc_cmos: registered platform RTC device (no PNP device found)
[    1.004175] Scanning for low memory corruption every 60 seconds
[    1.484955] audit: initializing netlink subsys (disabled)
[    1.490416] audit: type=2000 audit(1682717517.308:1): initialized
[    1.496352] Initialise system trusted keyring
[    1.501416] HugeTLB registered 2 MB page size, pre-allocated 0 pages
[    1.508448] zbud: loaded
[    1.512713] VFS: Disk quotas dquot_6.6.0
[    1.516209] VFS: Dquot-cache hash table entries: 512 (order 0, 4096 bytes)
[    1.522999] squashfs: version 4.0 (2009/01/31) Phillip Lougher
[    1.529929] fuse init (API version 7.23)
[    1.535208] Key type big_key registered
[    1.539065] Allocating IMA MOK and blacklist keyrings.
[    1.559959] Key type asymmetric registered
[    1.565310] Asymmetric key parser 'x509' registered
[    1.570997] Block layer SCSI generic (bsg) driver version 0.4 loaded (major 249)
[    1.577924] io scheduler noop registered
[    1.581827] io scheduler deadline registered (default)
[    1.587156] io scheduler cfq registered
[    1.590936] pci_hotplug: PCI Hot Plug PCI Core version: 0.5
[    1.596640] pciehp: PCI Express Hot Plug Controller Driver version: 0.4
[    1.602060] ACPI: AC Adapter [AC] (on-line)
[    1.606276] input: Power Button as /devices/LNXSYSTM:00/LNXPWRBN:00/input/input0
[    1.613437] ACPI: Power Button [PWRF]
[    1.617859] input: Sleep Button as /devices/LNXSYSTM:00/LNXSLPBN:00/input/input1
[    1.624447] ACPI: Sleep Button [SLPF]
[    1.629111] GHES: HEST is not enabled!
[    1.630823] ACPI: Battery Slot [BAT0] (battery present)
[    1.637901] Serial: 8250/16550 driver, 32 ports, IRQ sharing enabled
[    1.669299] 00:02: ttyS0 at I/O 0x3f8 (irq = 4, base_baud = 115200) is a 16550A
[    1.695182] Linux agpgart interface v0.103
[    1.713934] loop: module loaded
[    1.720762] scsi host0: ata_piix
[    1.724310] scsi host1: ata_piix
[    1.727728] ata1: PATA max UDMA/33 cmd 0x1f0 ctl 0x3f6 bmdma 0xd000 irq 14
[    1.734264] ata2: PATA max UDMA/33 cmd 0x170 ctl 0x376 bmdma 0xd008 irq 15
[    1.740758] libphy: Fixed MDIO Bus: probed
[    1.744849] tun: Universal TUN/TAP device driver, 1.6
[    1.749769] tun: (C) 1999-2004 Max Krasnyansky <maxk@qualcomm.com>
[    1.756944] PPP generic driver version 2.4.2
[    1.761808] ehci_hcd: USB 2.0 'Enhanced' Host Controller (EHCI) Driver
[    1.767622] ehci-pci: EHCI PCI platform driver
[    1.772089] ehci-platform: EHCI generic platform driver
[    1.776569] ohci_hcd: USB 1.1 'Open' Host Controller (OHCI) Driver
[    1.782100] ohci-pci: OHCI PCI platform driver
[    1.786168] ohci-platform: OHCI generic platform driver
[    1.790446] uhci_hcd: USB Universal Host Controller Interface driver
[    1.795759] i8042: PNP: PS/2 Controller [PNP0303:PS2K,PNP0f03:PS2M] at 0x60,0x64 irq 1,12
[    1.806175] serio: i8042 KBD port at 0x60,0x64 irq 1
[    1.810923] serio: i8042 AUX port at 0x60,0x64 irq 12
[    1.816639] mousedev: PS/2 mouse device common for all mice
[    1.826747] rtc_cmos rtc_cmos: rtc core: registered rtc_cmos as rtc0
[    1.832861] input: AT Translated Set 2 keyboard as /devices/platform/i8042/serio0/input/input2
[    1.841532] rtc_cmos rtc_cmos: alarms up to one day, 114 bytes nvram
[    1.841548] i2c /dev entries driver
[    1.841757] device-mapper: uevent: version 1.0.3
[    1.841909] device-mapper: ioctl: 4.34.0-ioctl (2015-10-28) initialised: dm-devel@redhat.com
[    1.841947] ledtrig-cpu: registered to indicate activity on CPUs
[    1.853572] NET: Registered protocol family 10
[    1.853961] NET: Registered protocol family 17
[    1.853972] Key type dns_resolver registered
[    1.854452] registered taskstats version 1
[    1.854464] Loading compiled-in X.509 certificates
[    1.855204] Loaded X.509 cert 'Build time autogenerated kernel key: cf00e047681d67edb2720680708b7d9498083038'
[    1.855224] zswap: loaded using pool lzo/zbud
[    1.857710] Key type trusted registered
[    1.861766] Key type encrypted registered
[    1.861773] AppArmor: AppArmor sha1 policy hashing enabled
[    1.861776] ima: No TPM chip found, activating TPM-bypass!
[    1.861781] ima: Allocated hash algorithm: sha1
[    1.861837] evm: HMAC attrs: 0x1
[    1.862724]   Magic number: 3:798:551
[    1.862739] tty ttyS27: hash matches
[    1.862758] acpi PNP0C0F:02: hash matches
[    1.866420] rtc_cmos rtc_cmos: setting system clock to 2023-04-28 21:31:53 UTC (1682717513)
[    1.866517] BIOS EDD facility v0.16 2004-Jun-25, 0 devices found
[    1.866517] EDD information not available.
[    1.966757] Freeing unused kernel memory: 1492K
[    1.988308] Write protecting the kernel read-only data: 14336k
[    1.997600] Freeing unused kernel memory: 1584K
[    2.006236] Freeing unused kernel memory: 52K
Loading, please wait...
starting version 229
[    2.037112] random: udevadm: uninitialized urandom read (16 bytes read, 5 bits of entropy available)
[    2.037137] random: systemd-udevd: uninitialized urandom read (16 bytes read, 5 bits of entropy available)
[    2.037206] random: systemd-udevd: uninitialized urandom read (16 bytes read, 5 bits of entropy available)
[    2.037234] random: systemd-udevd: uninitialized urandom read (16 bytes read, 5 bits of entropy available)
[    2.037251] random: systemd-udevd: uninitialized urandom read (16 bytes read, 5 bits of entropy available)
[    2.080477] random: udevadm: uninitialized urandom read (16 bytes read, 5 bits of entropy available)
[    2.097185] random: systemd-udevd: uninitialized urandom read (16 bytes read, 5 bits of entropy available)
[    2.100854] random: udevadm: uninitialized urandom read (16 bytes read, 5 bits of entropy available)
[    2.100895] random: udevadm: uninitialized urandom read (16 bytes read, 5 bits of entropy available)
[    2.101062] random: udevadm: uninitialized urandom read (16 bytes read, 5 bits of entropy available)
[    2.180429] Fusion MPT base driver 3.04.20
[    2.185577] Copyright (c) 1999-2008 LSI Corporation
[    2.206919] e1000: Intel(R) PRO/1000 Network Driver - version 7.3.21-k8-NAPI
[    2.216013] e1000: Copyright (c) 1999-2006 Intel Corporation.
[    2.261876] Fusion MPT SPI Host driver 3.04.20
[    2.875140] input: ImExPS/2 Generic Explorer Mouse as /devices/platform/i8042/serio1/input/input4
[    2.940731] e1000 0000:00:03.0 eth0: (PCI:33MHz:32-bit) 02:be:82:6b:cc:1d
[    2.948292] e1000 0000:00:03.0 eth0: Intel(R) PRO/1000 Network Connection
[    2.957757] mptbase: ioc0: Initiating bringup
[    3.439250] ioc0: LSI53C1030 A0: Capabilities={Initiator}
[    4.819618] scsi host2: ioc0: LSI53C1030 A0, FwRev=00000000h, Ports=1, MaxQ=256, IRQ=20
[    5.603662] scsi 2:0:0:0: Direct-Access     VBOX     HARDDISK         1.0  PQ: 0 ANSI: 5
[    5.615657] scsi target2:0:0: Beginning Domain Validation
[    5.627845] scsi target2:0:0: Domain Validation skipping write tests
[    5.634089] scsi target2:0:0: Ending Domain Validation
[    5.640542] scsi target2:0:0: asynchronous
[    5.648713] scsi 2:0:1:0: Direct-Access     VBOX     HARDDISK         1.0  PQ: 0 ANSI: 5
[    5.657194] scsi target2:0:1: Beginning Domain Validation
[    5.670321] scsi target2:0:1: Domain Validation skipping write tests
[    5.676575] scsi target2:0:1: Ending Domain Validation
[    5.682261] scsi target2:0:1: asynchronous
[    5.707032] sd 2:0:0:0: Attached scsi generic sg0 type 0
[    5.715321] sd 2:0:0:0: [sda] 83886080 512-byte logical blocks: (42.9 GB/40.0 GiB)
[    5.725051] sd 2:0:1:0: [sdb] 20480 512-byte logical blocks: (10.5 MB/10.0 MiB)
[    5.733806] sd 2:0:1:0: Attached scsi generic sg1 type 0
[    5.775827] sd 2:0:0:0: [sda] Write Protect is off
[    5.782854] sd 2:0:1:0: [sdb] Write Protect is off
[    5.789417] sd 2:0:1:0: [sdb] Incomplete mode parameter data
[    5.796373] sd 2:0:1:0: [sdb] Assuming drive cache: write through
[    5.802923] sd 2:0:0:0: [sda] Incomplete mode parameter data
[    5.809879] sd 2:0:0:0: [sda] Assuming drive cache: write through
[    5.825966]  sda: sda1
[    5.833546] sd 2:0:1:0: [sdb] Attached SCSI disk
[    5.840314] sd 2:0:0:0: [sda] Attached SCSI disk
[    6.532505] e1000 0000:00:08.0 eth1: (PCI:33MHz:32-bit) 08:00:27:7b:4d:32
[    6.543734] e1000 0000:00:08.0 eth1: Intel(R) PRO/1000 Network Connection
[    6.551216] e1000 0000:00:03.0 enp0s3: renamed from eth0
[    6.572980] e1000 0000:00:08.0 enp0s8: renamed from eth1
Begin: Loading essential drivers ... [    8.369176] md: linear personality registered for level -1
[    8.380495] md: multipath personality registered for level -4
[    8.392764] md: raid0 personality registered for level 0
[    8.415834] md: raid1 personality registered for level 1
[    8.571462] raid6: sse2x1   gen() 19773 MB/s
[   10.571178] raid6: sse2x1   xor() 95429 MB/s
[   12.572662] raid6: sse2x2   gen() 205861 MB/s
[   13.633017] raid6: sse2x2   xor()  8354 MB/s
[   13.707473] raid6: sse2x4   gen() 15290 MB/s
[   13.780261] raid6: sse2x4   xor()  9759 MB/s
[   13.785085] raid6: using algorithm sse2x2 gen() 205861 MB/s
[   13.790169] raid6: .... xor() 8354 MB/s, rmw enabled
[   13.795343] raid6: using ssse3x2 recovery algorithm
[   13.802750] xor: measuring software checksum speed
[   13.844248]    prefetch64-sse: 17213.000 MB/sec
[   13.888125]    generic_sse: 18079.000 MB/sec
[   13.892832] xor: using function: generic_sse (18079.000 MB/sec)
[   13.900983] async_tx: api initialized (async)
[   13.949780] md: raid6 personality registered for level 6
[   13.955663] md: raid5 personality registered for level 5
[   13.961107] md: raid4 personality registered for level 4
[   13.986907] md: raid10 personality registered for level 10
done.
Begin: Running /scripts/init-premount ... done.
Begin: Mounting root file system ... Begin: Running /scripts/local-top ... done.
Begin: Running /scripts/local-premount ... [   14.064183] Btrfs loaded
Scanning for Btrfs filesystems
done.
Warning: fsck not present, so skipping root file system
[   14.133541] EXT4-fs (sda1): mounted filesystem with ordered data mode. Opts: (null)
done.
Begin: Running /scripts/local-bottom ... done.
Begin: Running /scripts/init-bottom ... done.
[   14.345978] systemd[1]: systemd 229 running in system mode. (+PAM +AUDIT +SELINUX +IMA +APPARMOR +SMACK +SYSVINIT +UTMP +LIBCRYPTSETUP +GCRYPT +GNUTLS +ACL +XZ -LZ4 +SECCOMP +BLKID +ELFUTILS +KMOD -IDN)
[   14.368079] systemd[1]: Detected virtualization oracle.
[   14.374422] systemd[1]: Detected architecture x86-64.

Welcome to [1mUbuntu 16.04.7 LTS[0m!

[   14.394244] systemd[1]: Set hostname to <ubuntu>.
[   14.406060] systemd[1]: Initializing machine ID from random generator.
[   14.412727] systemd[1]: Installed transient /etc/machine-id file.
[   14.631041] systemd[1]: Reached target Encrypted Volumes.
[[0;32m  OK  [0m] Reached target Encrypted Volumes.
[   14.642269] systemd[1]: Reached target User and Group Name Lookups.
[[0;32m  OK  [0m] Reached target User and Group Name Lookups.
[   14.654078] systemd[1]: Listening on LVM2 poll daemon socket.
[[0;32m  OK  [0m] Listening on LVM2 poll daemon socket.
[   14.665695] systemd[1]: Listening on Journal Socket.
[[0;32m  OK  [0m] Listening on Journal Socket.
[   14.676409] systemd[1]: Listening on Journal Audit Socket.
[[0;32m  OK  [0m] Listening on Journal Audit Socket.
[   14.687619] systemd[1]: Listening on Journal Socket (/dev/log).
[[0;32m  OK  [0m] Listening on Journal Socket (/dev/log).
[   14.699317] systemd[1]: Listening on Syslog Socket.
[[0;32m  OK  [0m] Listening on Syslog Socket.
[   14.710680] systemd[1]: Started Trigger resolvconf update for networkd DNS.
[[0;32m  OK  [0m] Started Trigger resolvconf update for networkd DNS.
[   14.725488] systemd[1]: Listening on udev Kernel Socket.
[[0;32m  OK  [0m] Listening on udev Kernel Socket.
[   14.739494] systemd[1]: Listening on Device-mapper event daemon FIFOs.
[[0;32m  OK  [0m] Listening on Device-mapper event daemon FIFOs.
[   14.751741] systemd[1]: Listening on fsck to fsckd communication Socket.
[[0;32m  OK  [0m] Listening on fsck to fsckd communication Socket.
[   14.763421] systemd[1]: Created slice User and Session Slice.
[[0;32m  OK  [0m] Created slice User and Session Slice.
[   14.774997] systemd[1]: Reached target Swap.
[[0;32m  OK  [0m] Reached target Swap.
[   14.785795] systemd[1]: Started Forward Password Requests to Wall Directory Watch.
[[0;32m  OK  [0m] Started Forward Password Requests to Wall Directory Watch.
[   14.802471] systemd[1]: Listening on /dev/initctl Compatibility Named Pipe.
[[0;32m  OK  [0m] Listening on /dev/initctl Compatibility Named Pipe.
[   14.814563] systemd[1]: Reached target System Time Synchronized.
[[0;32m  OK  [0m] Reached target System Time Synchronized.
[   14.826527] systemd[1]: Set up automount Arbitrary Executable File Formats File System Automount Point.
[[0;32m  OK  [0m] Set up automount Arbitrary Executab...ats File System Automount Point.
[   14.843124] systemd[1]: Created slice System Slice.
[[0;32m  OK  [0m] Created slice System Slice.
[   14.853444] systemd[1]: Reached target Slices.
[[0;32m  OK  [0m] Reached target Slices.
[   14.872768] systemd[1]: Starting File System Check on Root Device...
         Starting File System Check on Root Device...
[   14.889397] systemd[1]: Starting Create list of required static device nodes for the current kernel...
         Starting Create list of required st... nodes for the current kernel...
[   14.912181] systemd[1]: Mounting POSIX Message Queue File System...
         Mounting POSIX Message Queue File System...
[   14.927975] systemd[1]: Starting Nameserver information manager...
         Starting Nameserver information manager...
[   14.942485] systemd[1]: Starting Load Kernel Modules...
         Starting Load Kernel Modules...
[   14.960666] systemd[1]: Starting Uncomplicated firewall...
         Starting Uncomplicated firewall...
[   14.973715] systemd[1]: Mounting Debug File System...
[   14.982169] Loading iSCSI transport class v2.0-870.
         Mounting Debug File System...
[   14.990390] systemd[1]: Mounting Huge Pages File System...
         Mounting Huge Pages File System...
[   15.002813] systemd[1]: Starting Set console keymap...
         Starting Set console keymap...
[   15.016521] iscsi: registered transport (tcp)
[   15.019941] systemd[1]: Created slice system-serial\x2dgetty.slice.
[[0;32m  OK  [0m] Created slice system-serial\x2dgetty.slice.
[   15.040939] systemd[1]: Listening on udev Control Socket.
[[0;32m  OK  [0m] Listening on udev Control Socket.
[   15.057976] systemd[1]: Listening on LVM2 metadata daemon socket.
[[0;32m  OK  [0m] Listening on LVM2 metadata daemon socket.
[   15.092979] systemd[1]: Starting Monitoring of LVM2 mirrors, snapshots etc. using dmeventd or progress polling...
         Starting Monitoring of LVM2 mirrors... dmeventd or progress polling...
[   15.120545] systemd[1]: Starting Journal Service...
         Starting Journal Service...
[   15.139830] systemd[1]: Mounted Huge Pages File System.
[[0;32m  OK  [0m] Mounted Huge Pages File System.
[   15.151999] systemd[1]: Mounted POSIX Message Queue File System.
[[0;32m  OK  [0m] Mounted POSIX Message Queue File System.
[   15.163272] systemd[1]: Mounted Debug File System.
[[0;32m  OK  [0m] Mounted Debug File System.
[   15.171598] systemd[1]: Started Journal Service.
[[0;32m  OK  [0m] Started Journal Service.
[   15.183752] iscsi: registered transport (iser)
[[0;32m  OK  [0m] Started File System Check on Root Device.
[[0;32m  OK  [0m] Started Create list of required sta...ce nodes for the current kernel.
[[0;32m  OK  [0m] Started Load Kernel Modules.
[[0;32m  OK  [0m] Started Uncomplicated firewall.
[[0;32m  OK  [0m] Started Set console keymap.
[[0;32m  OK  [0m] Started Nameserver information manager.
[   15.252680] random: nonblocking pool is initialized
[[0;32m  OK  [0m] Started LVM2 metadata daemon.
[[0;32m  OK  [0m] Started File System Check Daemon to report status.
         Starting Apply Kernel Variables...
         Mounting FUSE Control File System...
         Starting Create Static Device Nodes in /dev...
         Starting Remount Root and Kernel File Systems...
[[0;32m  OK  [0m] Mounted FUSE Control File System.
[   15.304507] EXT4-fs (sda1): re-mounted. Opts: (null)
[[0;32m  OK  [0m] Started Apply Kernel Variables.
[[0;32m  OK  [0m] Started Remount Root and Kernel File Systems.
         Starting Flush Journal to Persistent Storage...
         Starting Load/Save Random Seed...
         Starting udev Coldplug all Devices...
[[0;32m  OK  [0m] Started Load/Save Random Seed.
[[0;32m  OK  [0m] Started Flush Journal to Persistent Storage.
[[0;32m  OK  [0m] Started Create Static Device Nodes in /dev.
         Starting udev Kernel Device Manager...
[[0;32m  OK  [0m] Started udev Coldplug all Devices.
[[0;32m  OK  [0m] Started udev Kernel Device Manager.
[[0;32m  OK  [0m] Started Dispatch Password Requests to Console Directory Watch.
[[0;32m  OK  [0m] Started Monitoring of LVM2 mirrors,...ng dmeventd or progress polling.
[[0;32m  OK  [0m] Reached target Local File Systems (Pre).
[[0;32m  OK  [0m] Reached target Local File Systems.
         Starting Create Volatile Files and Directories...
         Starting Initial cloud-init job (pre-networking)...
         Starting Commit a transient machine-id on disk...
         Starting Tell Plymouth To Write Out Runtime Data...
         Starting Set console font and keymap...
         Starting LSB: AppArmor initialization...
[[0;32m  OK  [0m] Started Create Volatile Files and Directories.
[[0;32m  OK  [0m] Started Commit a transient machine-id on disk.
[[0;32m  OK  [0m] Started Tell Plymouth To Write Out Runtime Data.
[[0;32m  OK  [0m] Found device /dev/ttyS0.
         Starting Update UTMP about System Boot/Shutdown...
[[0;32m  OK  [0m] Listening on Load/Save RF Kill Switch Status /dev/rfkill Watch.
[[0;32m  OK  [0m] Started Update UTMP about System Boot/Shutdown.
[[0;32m  OK  [0m] Started LSB: AppArmor initialization.
[   17.891922] cloud-init[487]: Cloud-init v. 21.1-19-gbad84ad4-0ubuntu1~16.04.2 running 'init-local' at Fri, 28 Apr 2023 21:32:08 +0000. Up 17.26 seconds.
[[0;32m  OK  [0m] Started Initial cloud-init job (pre-networking).
[[0;32m  OK  [0m] Reached target Network (Pre).
         Starting Load AppArmor profiles managed internally by snapd...
         Starting Raise network interfaces...
[[0;32m  OK  [0m] Started Set console font and keymap.
[[0;32m  OK  [0m] Started Load AppArmor profiles managed internally by snapd.
[[0;32m  OK  [0m] Created slice system-getty.slice.
[[0;32m  OK  [0m] Started Raise network interfaces.
[[0;32m  OK  [0m] Reached target Network.
         Starting Initial cloud-init job (metadata service crawler)...
[   20.279266] cloud-init[945]: Cloud-init v. 21.1-19-gbad84ad4-0ubuntu1~16.04.2 running 'init' at Fri, 28 Apr 2023 21:32:11 +0000. Up 19.41 seconds.
[   20.291143] cloud-init[945]: ci-info: ++++++++++++++++++++++++++++++++++++++Net device info+++++++++++++++++++++++++++++++++++++++
[   20.304922] cloud-init[945]: ci-info: +--------+-------+----------------------------+---------------+--------+-------------------+
[   20.317433] cloud-init[945]: ci-info: | Device |   Up  |          Address           |      Mask     | Scope  |     Hw-Address    |
[   20.327739] [[0;32m  OK  [0m] Started Initial cloud-init job (metadata service crawler).
[[0;32m  OK  [0m] Reached target Network is Online.
cloud-init[945]: ci-info: +--------+-------+----------------------------+---------------+--------+-------------------+
[   20.340834] cloud-init[945]: ci-info: | enp0s3 |  True |         10.0.2.15          | 255.255.255.0 | global | 02:be:82:6b:cc:1d |
[   20.348863]          Starting iSCSI initiator daemon (iscsid)...
[[0;32m  OK  [0m] Reached target System Initialization.
[[0;32m  OK  [0m] Listening on ACPID Listen Socket.
[[0;32m  OK  [0m] Started Daily Cleanup of Temporary Directories.
cloud-init[945]: [[0;32m  OK  [0m] Started ACPI Events Check.
[[0;32m  OK  [0m] Reached target Paths.
         Starting Socket activation for snappy daemon.
         Starting LXD - unix socket.
[[0;32m  OK  [0m] Listening on UUID daemon activation socket.
[[0;32m  OK  [0m] Started Message of the Day.
[[0;32m  OK  [0m] Started Ubuntu Advantage update messaging.
[[0;32m  OK  [0m] Listening on D-Bus System Message Bus Socket.
[[0;32m  OK  [0m] Started Daily apt download activities.
[[0;32m  OK  [0m] Started Daily apt upgrade and clean activities.
[[0;32m  OK  [0m] Reached target Timers.
[[0;32m  OK  [0m] Reached target Cloud-config availability.
[[0;32m  OK  [0m] Listening on Socket activation for snappy daemon.
[[0;32m  OK  [0m] Listening on LXD - unix socket.
[[0;32m  OK  [0m] Reached target Sockets.
[[0;32m  OK  [0m] Reached target Basic System.
         Starting LXD - container startup/shutdown...
         Starting Accounts Service...
[[0;32m  OK  [0m] Started Deferred execution scheduler.
[[0;32m  OK  [0m] Started FUSE filesystem for LXC.
[[0;32m  OK  [0m] Started D-Bus System Message Bus.
ci-info: | enp0s3 |  True | fe80::be:82ff:fe6b:cc1d/64 |       .       |  link  | 02:be:82:6b:cc:1d |
[   20.399236] cloud-init[945]: ci-info: | enp0s8 | False |             .              |       .       |   .    | 08:00:27:7b:4d:32 |
[   20.408452] cloud-init[945]: ci-info: |   lo   |  True |         127.0.0.1          |   255.0.0.0   |  host  |         .         |
[   20.417662] cloud-init[945]: ci-info: |   lo   |  True |          ::1/128           |       .       |  host  |         .         |
[   20.426012] cloud-init[945]: ci-info: +--------+-------+----------------------------+---------------+--------+-------------------+
[   20.433551] cloud-init[945]: ci-info: +++++++++++++++++++++++++++Route IPv4 info++++++++++++++++++++++++++++
[   20.441123] cloud-init[945]: ci-info: +-------+-------------+----------+---------------+-----------+-------+
[   20.446745] cloud-init[945]: ci-info: | Route | Destination | Gateway  |    Genmask    | Interface | Flags |
[   20.455061] cloud-init[945]: ci-info: +-------+-------------+----------+---------------+-----------+-------+
[   20.464269] cloud-init[945]: ci-info: |   0   |   0.0.0.0   | 10.0.2.2 |    0.0.0.0    |   enp0s3  |   UG  |
[   20.471145] cloud-init[945]: ci-info: |   1   |   10.0.2.0  | 0.0.0.0  | 255.255.255.0 |   enp0s3  |   U   |
[   20.494121] cloud-init[945]: ci-info: +-------+-------------+----------+---------------+-----------+-------+
[   20.512451] cloud-init[945]: ci-info: +++++++++++++++++++Route IPv6 info+++++++++++++++++++
[   20.526167] cloud-init[945]:          Starting Pollinate to seed the pseudo random number generator...
         Starting Login Service...
ci-info: +-------+-------------+---------+-----------+-------+
[[0;32m  OK  [0m] Started ACPI event daemon.
[   20.559727]          Starting LSB: MD monitoring daemon...
         Starting Virtualbox guest utils...
cloud-init         Starting /etc/rc.local Compatibility...
[945]:          Starting System Logging Service...
         Starting Snap Daemon...
[[0;32m  OK  [0m] Started Regular background program processing daemon.
         Starting LSB: Record successful boot for GRUB...
[[0;32m  OK  [0m] Started /etc/rc.local Compatibility.
         Starting Authenticate and Authorize Users to Run Privileged Tasks...
[[0;32m  OK  [0m] Started Login Service.
[[0;32m  OK  [0m] Started Unattended Upgrades Shutdown.
ci-info: | Route | Destination | Gateway | Interface | Flags |[[0;32m  OK  [0m] Started iSCSI initiator daemon (iscsid).
         Starting Login to default iSCSI targets...

[   20.693274] [[0;32m  OK  [0m] Started Authenticate and Authorize Users to Run Privileged Tasks.
[[0;32m  OK  [0m] Started Accounts Service.
cloud-init[945]: ci-info: +-------+-------------+---------+-----------+-------+
[   20.764267] cloud-init[945]: [[0;32m  OK  [0m] Started LSB: Record successful boot for GRUB.
ci-info: |   0   |  fe80::/64  |    ::   |   enp0s3  |   U   |
[   20.789519] cloud-init[945]: ci-info: |   3   |   ff00::/8  |    ::   |   enp0s3  |   U   |
[[0;32m  OK  [0m] Started Login to default iSCSI targets.
[[0;32m  OK  [0m] Started LXD - container startup/shutdown.
[[0;32m  OK  [0m] Started LSB: MD monitoring daemon.
[[0;32m  OK  [0m] Started System Logging Service.
[[0;32m  OK  [0m] Reached target Remote File Systems (Pre).
[[0;32m  OK  [0m] Reached target Remote File Systems.
[   20.804870] cloud-init[945]: ci-info: +-------+-------------+---------+-----------+-------+
[   20.844695] cloud-init[945]: Generating public/private rsa key pair.
[   20.849593] cloud-init[945]: Your identification has been saved in /etc/ssh/ssh_host_rsa_key.
[   20.861150] cloud-init[945]: Your public key has been saved in /etc/ssh/ssh_host_rsa_key.pub.
[   20.861260] cloud-init[945]: The key fingerprint is:
[   20.861308] cloud-init[945]: SHA256:PypSWV6r9ZSx3WmiJrAp3m+gN0T3jI3uq9vpmhU/lms root@ubuntu-xenial
[   20.861352] cloud-init[945]: The key's randomart image is:
[   20.861409] cloud-init[945]: +---[RSA 2048]----+
[   20.861803] cloud-init[945]: |                 |
[   20.861862] cloud-init[945]: |                 |
[   20.861904] cloud-init[945]: |                 |
[   20.862339] cloud-init[945]: |       .... .    |
[   20.862664] cloud-init[945]: |      .+So*. = ..|
[   20.862987] cloud-init[945]: |      o+.+=+=..o.|
[   20.863340] cloud-init[945]: |     .o *+oB. o  |
[   20.863681] cloud-init[945]: |    .oo===oE+    |
         Starting Permit User Sessions...
         Starting LSB: automatic crash report generation...
[   20.875854] cloud-init[945]: |    .ooB@B=.     |
         Starting LSB: daemon to balance interrupts for SMP systems...
[   20.908530] cloud-init[945]: +----[SHA256]-----+
[   20.915646] cloud-init[945]: Generating public/private dsa key pair.
[   20.916453] cloud-init[945]: Your identification has been saved in /etc/ssh/ssh_host_dsa_key.
[   20.916765] cloud-init[945]: Your public key has been saved in /etc/ssh/ssh_host_dsa_key.pub.
[   20.917072] cloud-init[945]: The key fingerprint is:
[   20.917431] cloud-init[945]: SHA256:bVZ+sAduhH8v0sRSvILTTLr2ZZ4LrZ/6NxljgBKKI2w root@ubuntu-xenial
[   20.917750] cloud-init[945]: The key's randomart image is:
[   20.918039] cloud-init[945]: +---[DSA 1024]----+
[   20.918345] cloud-init[945]: |                 |
[   20.918639] cloud-init[945]: |         . . .   |
[   20.918946] cloud-init[945]: |  .   . . o B o  |
[   20.919243] cloud-init[945]: |   E o . o & B . |
[   20.919553] cloud-init[945]: |  . . . S O @ O  |
[   20.919878] cloud-init[945]: |         o + X = |
[   20.920565] cloud-init[945]: |          o o B =|
[   20.920959] cloud-init[945]: |         . . B *.|
[   20.921277] cloud-init[945]: |            ++Bo.|
[   20.921585] cloud-init[945]: +----[SHA256]-----+
[   20.921627] cloud-init[945]: Generating public/private ecdsa key pair.
[   20.921670] cloud-init[945]: Your identification has been saved in /etc/ssh/ssh_host_ecdsa_key.
[   20.921712] cloud-init[945]: Your public key has been saved in /etc/ssh/ssh_host_ecdsa_key.pub.
[   20.921753] cloud-init[945]: The key fingerprint is:
[   20.921806] cloud-init[945]: SHA256:BNRy1sy4UzXfTBl4w32UFSZZdU3bcsU1Hj7KAoqMEtY root@ubuntu-xenial
[   20.922211] cloud-init[945]: The key's randomart image is:
[   20.922529] cloud-init[945]: +---[ECDSA 256]---+
[   20.922843] cloud-init[945]: |     .o. = .o.=@^|
[   20.923186] cloud-init[945]: |  .   ..= =  ==X%|
[   20.923509] cloud-init[945]: | o E   +.+    +=B|
[   20.923817] cloud-init[945]: |. . o ..+ . . .o.|
[   20.928656] cloud-init[945]: | . . o .S. . o   |
[   20.928953] cloud-init[945]: |  .         .    |
[   20.929288] cloud-init[945]: |                 |
[   20.929597] cloud-init[945]: |                 |
[   20.929926] cloud-init[945]: |                 |
[   20.930252] cloud-init[945]: +----[SHA256]-----+
[   20.930575] cloud-init[945]: Generating public/private ed25519 key pair.
[   20.930914] cloud-init[945]: Your identification has been saved in /etc/ssh/ssh_host_ed25519_key.
[   20.931242] cloud-init[945]: Your public key has been saved in /etc/ssh/ssh_host_ed25519_key.pub.
[   20.931557] cloud-init[945]: The key fingerprint is:
[   20.931903] cloud-init[945]: SHA256:R4Rzj5vUmdSomQNmbJ5cV4PbdBV6JJfEzlNYph1NnsQ root@ubuntu-xenial
[   20.932573] cloud-init[945]: The key's randomart image is:
[   20.932895] cloud-init[945]: +--[ED25519 256]--+
[   20.933220] cloud-init[945]: |       . ..  **@X|
[   20.933538] cloud-init[945]: |        O.o = XE*|
[   20.935349] cloud-init[945]: |       * *.X B+++|
[   20.935401] cloud-init[945]: |        +.B * o+ |
[   20.935442] cloud-init[945]: |        S..+    .|
[   20.935483] cloud-init[945]: |         .o      |
[   20.935892] cloud-init[945]: |                 |
[   20.941426] cloud-init[945]: |                 |
[   20.941764] cloud-init[945]: |                 |
[   20.942084] cloud-init[945]: +----[SHA256]-----+
         Starting LSB: Set the CPU Frequency Scaling governor to "ondemand"...
[[0;32m  OK  [0m] Started Permit User Sessions.
         Starting Terminate Plymouth Boot Screen...
         Starting Hold until boot process finishes up...
[[0;32m  OK  [0m] Started LSB: Set the CPU Frequency Scaling governor to "ondemand".
[[0;32m  OK  [0m] Started Terminate Plymouth Boot Screen.
[[0;32m  OK  [0m] Started Hold until boot process finishes up.
         Starting Set console scheme...
[[0;32m  OK  [0m] Started Getty on tty1.
[[0;32m  OK  [0m] Started Serial Getty on ttyS0.
[[0;32m  OK  [0m] Reached target Login Prompts.
[[0;32m  OK  [0m] Started LSB: automatic crash report generation.
[[0;32m  OK  [0m] Started LSB: daemon to balance interrupts for SMP systems.
[[0;32m  OK  [0m] Started Set console scheme.
[[0;32m  OK  [0m] Started Virtualbox guest utils.
[[0;32m  OK  [0m] Started Snap Daemon.
         Starting Wait until snapd is fully seeded...
[[0;32m  OK  [0m] Started Pollinate to seed the pseudo random number generator.
         Starting OpenBSD Secure Shell server...
[[0;32m  OK  [0m] Started OpenBSD Secure Shell server.
[[0;32m  OK  [0m] Started Wait until snapd is fully seeded.
         Starting Apply the settings specified in cloud-config...
[[0;32m  OK  [0m] Reached target Multi-User System.
[[0;32m  OK  [0m] Reached target Graphical Interface.
         Starting Update UTMP about System Runlevel Changes...
[[0;32m  OK  [0m] Started Update UTMP about System Runlevel Changes.
[   24.759605] cloud-init[1295]: Generating locales (this might take a while)...
[[0;32m  OK  [0m] Created slice User Slice of vagrant.
         Starting User Manager for UID 1000...
[[0;32m  OK  [0m] Started Session 1 of user vagrant.
[[0;32m  OK  [0m] Started User Manager for UID 1000.
[   26.418160] cloud-init[1295]:   en_US.UTF-8... done
[   26.426531] cloud-init[1295]: Generation complete.

Ubuntu 16.04.7 LTS ubuntu-xenial ttyS0

ubuntu-xenial login: [   27.293796] cloud-init[1295]: Cloud-init v. 21.1-19-gbad84ad4-0ubuntu1~16.04.2 running 'modules:config' at Fri, 28 Apr 2023 21:32:16 +0000. Up 24.62 seconds.
ci-info: no authorized SSH keys fingerprints found for user ubuntu.
<14>Apr 28 21:32:19 ec2: 
<14>Apr 28 21:32:19 ec2: #############################################################
<14>Apr 28 21:32:19 ec2: -----BEGIN SSH HOST KEY FINGERPRINTS-----
<14>Apr 28 21:32:19 ec2: 1024 SHA256:bVZ+sAduhH8v0sRSvILTTLr2ZZ4LrZ/6NxljgBKKI2w root@ubuntu-xenial (DSA)
<14>Apr 28 21:32:19 ec2: 256 SHA256:BNRy1sy4UzXfTBl4w32UFSZZdU3bcsU1Hj7KAoqMEtY root@ubuntu-xenial (ECDSA)
<14>Apr 28 21:32:19 ec2: 256 SHA256:R4Rzj5vUmdSomQNmbJ5cV4PbdBV6JJfEzlNYph1NnsQ root@ubuntu-xenial (ED25519)
<14>Apr 28 21:32:19 ec2: 2048 SHA256:PypSWV6r9ZSx3WmiJrAp3m+gN0T3jI3uq9vpmhU/lms root@ubuntu-xenial (RSA)
<14>Apr 28 21:32:19 ec2: -----END SSH HOST KEY FINGERPRINTS-----
<14>Apr 28 21:32:19 ec2: #############################################################
-----BEGIN SSH HOST KEY KEYS-----
ecdsa-sha2-nistp256 AAAAE2VjZHNhLXNoYTItbmlzdHAyNTYAAAAIbmlzdHAyNTYAAABBBNWFhdebEjdtVxHgY7vzQxgYRGInWxvcnV0JHZMCcEcUkp/KY7nG1XkDijDToGvG6kMSFEdJaSef4/jYyOjuQBw= root@ubuntu-xenial
ssh-ed25519 AAAAC3NzaC1lZDI1NTE5AAAAIJKZ9Q2hEeiChBNP5U47mwDBGOWNmr7lOss5piJiLL/x root@ubuntu-xenial
ssh-rsa AAAAB3NzaC1yc2EAAAADAQABAAABAQC5bdLe6KKBWkHshZsniyPjNwBqL7FdHr7N4qlAm2RyLYWoRSNZwev5+5Esqz/TjecI6Wx/1BD1jJqLzJO+ac6TUUN4GPygItrjSXw3zMxtt+94nzZTwQW89olRppvXhZbWiJFUhxBhWCrsnXOROAgCZV4m6tnplv9wPm9TLQVFyzgBBG0RKrCB0yr5nLPOqiy7AmZV/LD9TJJWp84iZceacjUqbsoTEGWI0/2yiJomPW/RsLCZujm7z2SRR5qFLWxpJF/R1Q/tkecz5mfiYVKr8tDohlzgNNR/2H4qcV04Y0bt0+bJPKp6VYNdmHL/PuXyzJ3a2RYTHvgpTjiwPExt root@ubuntu-xenial
-----END SSH HOST KEY KEYS-----
[   28.250634] cloud-init[1460]: Cloud-init v. 21.1-19-gbad84ad4-0ubuntu1~16.04.2 running 'modules:final' at Fri, 28 Apr 2023 21:32:19 +0000. Up 27.94 seconds.
[   28.251719] cloud-init[1460]: ci-info: no authorized SSH keys fingerprints found for user ubuntu.
[   28.252449] cloud-init[1460]: Cloud-init v. 21.1-19-gbad84ad4-0ubuntu1~16.04.2 finished at Fri, 28 Apr 2023 21:32:19 +0000. Datasource DataSourceNoCloud [seed=/dev/sdb][dsmode=net].  Up 28.24 seconds
[[0;32m  OK  [0m] Stopped Unattended Upgrades Shutdown.
         Stopping Authenticate and Authorize Users to Run Privileged Tasks...
[[0;32m  OK  [0m] Stopped target Timers.
[[0;32m  OK  [0m] Stopped Daily apt upgrade and clean activities.
         Stopping User Manager for UID 1000...
[[0;32m  OK  [0m] Stopped Message of the Day.
[[0;32m  OK  [0m] Stopped target Cloud-init target.
[[0;32m  OK  [0m] Closed Load/Save RF Kill Switch Status /dev/rfkill Watch.
[[0;32m  OK  [0m] Stopped Ubuntu Advantage update messaging.
[[0;32m  OK  [0m] Stopped Execute cloud user/final scripts.
[[0;32m  OK  [0m] Stopped Daily Cleanup of Temporary Directories.
[[0;32m  OK  [0m] Stopped target Graphical Interface.
[[0;32m  OK  [0m] Stopped target Multi-User System.
         Stopping LSB: MD monitoring daemon...
         Stopping Virtualbox guest utils...
         Stopping A high performance web server and a reverse proxy server...
         Stopping OpenBSD Secure Shell server...
         Stopping Deferred execution scheduler...
         Stopping LXD - container startup/shutdown...
         Stopping LSB: Record successful boot for GRUB...
         Stopping LSB: Set the CPU Frequency Scaling governor to "ondemand"...
[[0;32m  OK  [0m] Stopped Apply the settings specified in cloud-config.
         Stopping LSB: automatic crash report generation...
         Stopping Regular background program processing daemon...
         Stopping ACPI event daemon...
         Stopping LSB: daemon to balance interrupts for SMP systems...
         Stopping System Logging Service...
[[0;32m  OK  [0m] Stopped Wait until snapd is fully seeded.
         Stopping D-Bus System Message Bus...
[[0;32m  OK  [0m] Stopped Daily apt download activities.
[[0;32m  OK  [0m] Stopped target System Time Synchronized.
[[0;32m  OK  [0m] Stopped target Cloud-config availability.
[[0;32m  OK  [0m] Stopped target Login Prompts.
         Stopping Getty on tty1...
          Stopping FUSE filesystem for LXC...
         Stopping Session 4 of user vagrant.
[[0;32m  OK  [0m] Unmounted /var/lib/lxcfs.
[[0;32m  OK  [0m] Stopped Accounts Service.
[[0;32m  OK  [0m] Stopped Deferred execution scheduler.
[[0;32m  OK  [0m] Stopped System Logging Service.
[[0;32m  OK  [0m] Stopped Regular background program processing daemon.
[[0;32m  OK  [0m] Stopped Authenticate and Authorize Users to Run Privileged Tasks.
[[0;32m  OK  [0m] Stopped Getty on tty1.
[[0;32m  OK  [0m] Stopped Serial Getty on ttyS0.
[[0;32m  OK  [0m] Stopped ACPI event daemon.
[[0;32m  OK  [0m] Stopped OpenBSD Secure Shell server.
[[0;32m  OK  [0m] Stopped User Manager for UID 1000.
[[0;32m  OK  [0m] Stopped A high performance web server and a reverse proxy server.
[[0;32m  OK  [0m] Stopped D-Bus System Message Bus.
[[0;32m  OK  [0m] Stopped Session 4 of user vagrant.
[[0;32m  OK  [0m] Stopped FUSE filesystem for LXC.
[[0;32m  OK  [0m] Stopped LSB: MD monitoring daemon.
[[0;32m  OK  [0m] Stopped LSB: daemon to balance interrupts for SMP systems.
[[0;32m  OK  [0m] Stopped LXD - container startup/shutdown.
[[0;32m  OK  [0m] Stopped LSB: Record successful boot for GRUB.
[[0;32m  OK  [0m] Stopped LSB: automatic crash report generation.
[[0;32m  OK  [0m] Removed slice User Slice of vagrant.
         Stopping Login Service...
[[0;32m  OK  [0m] Removed slice system-serial\x2dgetty.slice.
[[0;32m  OK  [0m] Stopped /etc/rc.local Compatibility.
[[0;32m  OK  [0m] Removed slice system-getty.slice.
         Stopping Permit User Sessions...
[[0;32m  OK  [0m] Stopped Virtualbox guest utils.
[[0;32m  OK  [0m] Stopped LSB: Set the CPU Frequency Scaling governor to "ondemand".
[[0;32m  OK  [0m] Stopped Login Service.
[[0;32m  OK  [0m] Stopped Permit User Sessions.
[[0;32m  OK  [0m] Stopped target User and Group Name Lookups.
[[0;32m  OK  [0m] Stopped target Remote File Systems.
         Unmounting /vagrant...
[[0;32m  OK  [0m] Stopped target Basic System.
[[0;32m  OK  [0m] Stopped target Paths.
[[0;32m  OK  [0m] Stopped ACPI Events Check.
[[0;32m  OK  [0m] Stopped Forward Password Requests to Wall Directory Watch.
[[0;32m  OK  [0m] Stopped Dispatch Password Requests to Console Directory Watch.
[[0;32m  OK  [0m] Stopped target Slices.
[[0;32m  OK  [0m] Removed slice User and Session Slice.
[[0;32m  OK  [0m] Stopped target Sockets.
[[0;32m  OK  [0m] Closed LXD - unix socket.
[[0;32m  OK  [0m] Closed Syslog Socket.
[[0;32m  OK  [0m] Closed ACPID Listen Socket.
[[0;32m  OK  [0m] Closed D-Bus System Message Bus Socket.
[[0;32m  OK  [0m] Closed Socket activation for snappy daemon.
[[0;32m  OK  [0m] Closed UUID daemon activation socket.
[[0;32m  OK  [0m] Stopped target System Initialization.
[[0;32m  OK  [0m] Stopped target Encrypted Volumes.
         Stopping Load/Save Random Seed...
[[0;32m  OK  [0m] Stopped target Swap.
[[0;32m  OK  [0m] Stopped Commit a transient machine-id on disk.
[[0;32m  OK  [0m] Stopped Create Volatile Files and Directories.
[[0;32m  OK  [0m] Unmounted /vagrant.
[[0;32m  OK  [0m] Stopped Load/Save Random Seed.
[[0;32m  OK  [0m] Stopped target Remote File Systems (Pre).
         Stopping Login to default iSCSI targets...
[[0;32m  OK  [0m] Stopped Login to default iSCSI targets.
         Stopping iSCSI initiator daemon (iscsid)...
[[0;32m  OK  [0m] Stopped iSCSI initiator daemon (iscsid).
[[0;32m  OK  [0m] Stopped target Network is Online.
[[0;32m  OK  [0m] Stopped Initial cloud-init job (metadata service crawler).
[[0;32m  OK  [0m] Stopped target Network.
         Stopping Raise network interfaces...
[[0;32m  OK  [0m] Stopped Raise network interfaces.
[[0;32m  OK  [0m] Stopped target Network (Pre).
[[0;32m  OK  [0m] Stopped Initial cloud-init job (pre-networking).
[[0;32m  OK  [0m] Stopped Apply Kernel Variables.
[[0;32m  OK  [0m] Stopped Load Kernel Modules.
[[0;32m  OK  [0m] Stopped target Local File Systems.
         Unmounting /run/user/1000...
[[0;32m  OK  [0m] Unmounted /run/user/1000.
[[0;32m  OK  [0m] Reached target Unmount All Filesystems.
[[0;32m  OK  [0m] Stopped target Local File Systems (Pre).
[[0;32m  OK  [0m] Stopped Remount Root and Kernel File Systems.
         Stopping Monitoring of LVM2 mirrors... dmeventd or progress polling...
[[0;32m  OK  [0m] Stopped Create Static Device Nodes in /dev.
[[0;32m  OK  [0m] Reached target Shutdown.
[ 3169.109604] reboot: Power down
