[    0.000000] Linux version 4.15.0-209-generic (buildd@lcy02-amd64-091) (gcc version 7.5.0 (Ubuntu 7.5.0-3ubuntu1~18.04)) #220-Ubuntu SMP Tue Mar 21 17:52:18 UTC 2023 (Ubuntu 4.15.0-209.220-generic 4.15.18)
[    0.000000] Command line: BOOT_IMAGE=/boot/vmlinuz-4.15.0-209-generic root=LABEL=cloudimg-rootfs ro console=tty1 console=ttyS0
[    0.000000] KERNEL supported cpus:
[    0.000000]   Intel GenuineIntel
[    0.000000]   AMD AuthenticAMD
[    0.000000]   Centaur CentaurHauls
[    0.000000] x86/fpu: x87 FPU will use FXSAVE
[    0.000000] e820: BIOS-provided physical RAM map:
[    0.000000] BIOS-e820: [mem 0x0000000000000000-0x000000000009fbff] usable
[    0.000000] BIOS-e820: [mem 0x000000000009fc00-0x000000000009ffff] reserved
[    0.000000] BIOS-e820: [mem 0x00000000000f0000-0x00000000000fffff] reserved
[    0.000000] BIOS-e820: [mem 0x0000000000100000-0x000000003ffeffff] usable
[    0.000000] BIOS-e820: [mem 0x000000003fff0000-0x000000003fffffff] ACPI data
[    0.000000] BIOS-e820: [mem 0x00000000fec00000-0x00000000fec00fff] reserved
[    0.000000] BIOS-e820: [mem 0x00000000fee00000-0x00000000fee00fff] reserved
[    0.000000] BIOS-e820: [mem 0x00000000fffc0000-0x00000000ffffffff] reserved
[    0.000000] NX (Execute Disable) protection: active
[    0.000000] SMBIOS 2.5 present.
[    0.000000] DMI: innotek GmbH VirtualBox/VirtualBox, BIOS VirtualBox 12/01/2006
[    0.000000] Hypervisor detected: KVM
[    0.000000] e820: last_pfn = 0x3fff0 max_arch_pfn = 0x400000000
[    0.000000] MTRR: Disabled
[    0.000000] x86/PAT: MTRRs disabled, skipping PAT initialization too.
[    0.000000] CPU MTRRs all blank - virtualized system.
[    0.000000] x86/PAT: Configuration [0-7]: WB  WT  UC- UC  WB  WT  UC- UC  
[    0.000000] found SMP MP-table at [mem 0x0009fff0-0x0009ffff]
[    0.000000] Scanning 1 areas for low memory corruption
[    0.000000] RAMDISK: [mem 0x359c9000-0x36cdbfff]
[    0.000000] ACPI: Early table checksum verification disabled
[    0.000000] ACPI: RSDP 0x00000000000E0000 000024 (v02 VBOX  )
[    0.000000] ACPI: XSDT 0x000000003FFF0030 00003C (v01 VBOX   VBOXXSDT 00000001 ASL  00000061)
[    0.000000] ACPI: FACP 0x000000003FFF00F0 0000F4 (v04 VBOX   VBOXFACP 00000001 ASL  00000061)
[    0.000000] ACPI: DSDT 0x000000003FFF0610 002353 (v02 VBOX   VBOXBIOS 00000002 INTL 20100528)
[    0.000000] ACPI: FACS 0x000000003FFF0200 000040
[    0.000000] ACPI: FACS 0x000000003FFF0200 000040
[    0.000000] ACPI: APIC 0x000000003FFF0240 00005C (v02 VBOX   VBOXAPIC 00000001 ASL  00000061)
[    0.000000] ACPI: SSDT 0x000000003FFF02A0 00036C (v01 VBOX   VBOXCPUT 00000002 INTL 20100528)
[    0.000000] ACPI: Reserving FACP table memory at [mem 0x3fff00f0-0x3fff01e3]
[    0.000000] ACPI: Reserving DSDT table memory at [mem 0x3fff0610-0x3fff2962]
[    0.000000] ACPI: Reserving FACS table memory at [mem 0x3fff0200-0x3fff023f]
[    0.000000] ACPI: Reserving FACS table memory at [mem 0x3fff0200-0x3fff023f]
[    0.000000] ACPI: Reserving APIC table memory at [mem 0x3fff0240-0x3fff029b]
[    0.000000] ACPI: Reserving SSDT table memory at [mem 0x3fff02a0-0x3fff060b]
[    0.000000] No NUMA configuration found
[    0.000000] Faking a node at [mem 0x0000000000000000-0x000000003ffeffff]
[    0.000000] NODE_DATA(0) allocated [mem 0x3ffc5000-0x3ffeffff]
[    0.000000] kvm-clock: cpu 0, msr 0:3ff44001, primary cpu clock
[    0.000000] kvm-clock: Using msrs 4b564d01 and 4b564d00
[    0.000000] kvm-clock: using sched offset of 3916201272 cycles
[    0.000000] clocksource: kvm-clock: mask: 0xffffffffffffffff max_cycles: 0x1cd42e4dffb, max_idle_ns: 881590591483 ns
[    0.000000] Zone ranges:
[    0.000000]   DMA      [mem 0x0000000000001000-0x0000000000ffffff]
[    0.000000]   DMA32    [mem 0x0000000001000000-0x000000003ffeffff]
[    0.000000]   Normal   empty
[    0.000000]   Device   empty
[    0.000000] Movable zone start for each node
[    0.000000] Early memory node ranges
[    0.000000]   node   0: [mem 0x0000000000001000-0x000000000009efff]
[    0.000000]   node   0: [mem 0x0000000000100000-0x000000003ffeffff]
[    0.000000] Reserved but unavailable: 104 pages
[    0.000000] Initmem setup node 0 [mem 0x0000000000001000-0x000000003ffeffff]
[    0.000000] ACPI: PM-Timer IO Port: 0x4008
[    0.000000] IOAPIC[0]: apic_id 2, version 32, address 0xfec00000, GSI 0-23
[    0.000000] ACPI: INT_SRC_OVR (bus 0 bus_irq 0 global_irq 2 dfl dfl)
[    0.000000] ACPI: INT_SRC_OVR (bus 0 bus_irq 9 global_irq 9 low level)
[    0.000000] Using ACPI (MADT) for SMP configuration information
[    0.000000] smpboot: Allowing 2 CPUs, 0 hotplug CPUs
[    0.000000] PM: Registered nosave memory: [mem 0x00000000-0x00000fff]
[    0.000000] PM: Registered nosave memory: [mem 0x0009f000-0x0009ffff]
[    0.000000] PM: Registered nosave memory: [mem 0x000a0000-0x000effff]
[    0.000000] PM: Registered nosave memory: [mem 0x000f0000-0x000fffff]
[    0.000000] e820: [mem 0x40000000-0xfebfffff] available for PCI devices
[    0.000000] Booting paravirtualized kernel on KVM
[    0.000000] clocksource: refined-jiffies: mask: 0xffffffff max_cycles: 0xffffffff, max_idle_ns: 7645519600211568 ns
[    0.000000] setup_percpu: NR_CPUS:8192 nr_cpumask_bits:2 nr_cpu_ids:2 nr_node_ids:1
[    0.000000] percpu: Embedded 50 pages/cpu s167936 r8192 d28672 u1048576
[    0.000000] PV qspinlock hash table entries: 256 (order: 0, 4096 bytes)
[    0.000000] Built 1 zonelists, mobility grouping on.  Total pages: 257913
[    0.000000] Policy zone: DMA32
[    0.000000] Kernel command line: BOOT_IMAGE=/boot/vmlinuz-4.15.0-209-generic root=LABEL=cloudimg-rootfs ro console=tty1 console=ttyS0
[    0.000000] Memory: 982640K/1048120K available (12300K kernel code, 2477K rwdata, 4324K rodata, 2480K init, 2720K bss, 65480K reserved, 0K cma-reserved)
[    0.000000] SLUB: HWalign=64, Order=0-3, MinObjects=0, CPUs=2, Nodes=1
[    0.000000] ftrace: allocating 39506 entries in 155 pages
[    0.004000] Hierarchical RCU implementation.
[    0.004000] 	RCU restricting CPUs from NR_CPUS=8192 to nr_cpu_ids=2.
[    0.004000] 	Tasks RCU enabled.
[    0.004000] RCU: Adjusting geometry for rcu_fanout_leaf=16, nr_cpu_ids=2
[    0.004000] NR_IRQS: 524544, nr_irqs: 440, preallocated irqs: 16
[    0.004000] random: crng init done
[    0.004000] Console: colour VGA+ 80x25
[    0.004000] console [tty1] enabled
[    0.004000] console [ttyS0] enabled
[    0.004000] ACPI: Core revision 20170831
[    0.004000] ACPI: 2 ACPI AML tables successfully acquired and loaded
[    0.004000] APIC: Switch to symmetric I/O mode setup
[    0.004000] ..TIMER: vector=0x30 apic1=0 pin1=2 apic2=-1 pin2=-1
[    0.004008] tsc: Detected 1800.005 MHz processor
[    0.008017] Calibrating delay loop (skipped) preset value.. 3600.01 BogoMIPS (lpj=7200020)
[    0.012009] pid_max: default: 32768 minimum: 301
[    0.016094] Security Framework initialized
[    0.020009] Yama: becoming mindful.
[    0.024116] AppArmor: AppArmor initialized
[    0.033615] Dentry cache hash table entries: 131072 (order: 8, 1048576 bytes)
[    0.040812] Inode-cache hash table entries: 65536 (order: 7, 524288 bytes)
[    0.044156] Mount-cache hash table entries: 2048 (order: 2, 16384 bytes)
[    0.048134] Mountpoint-cache hash table entries: 2048 (order: 2, 16384 bytes)
[    0.058156] Last level iTLB entries: 4KB 64, 2MB 8, 4MB 8
[    0.060008] Last level dTLB entries: 4KB 64, 2MB 0, 4MB 0, 1GB 4
[    0.064011] Spectre V1 : Mitigation: usercopy/swapgs barriers and __user pointer sanitization
[    0.068007] Spectre V2 : Mitigation: Enhanced IBRS
[    0.072007] Spectre V2 : Spectre v2 / SpectreRSB mitigation: Filling RSB on context switch
[    0.076005] Spectre V2 : Spectre v2 / PBRSB-eIBRS: Retire a single CALL on VMEXIT
[    0.080022] RETBleed: Mitigation: Enhanced IBRS
[    0.084009] Speculative Store Bypass: Vulnerable
[    0.088088] MMIO Stale Data: Vulnerable: Clear CPU buffers attempted, no microcode
[    0.092007] SRBDS: Unknown: Dependent on hypervisor status
[    0.096220] Freeing SMP alternatives memory: 36K
[    0.218608] smpboot: CPU0: Intel(R) Core(TM) i5-8265U CPU @ 1.60GHz (family: 0x6, model: 0x8e, stepping: 0xc)
[    0.220468] Performance Events: unsupported p6 CPU model 142 no PMU driver, software events only.
[    0.224143] Hierarchical SRCU implementation.
[    0.228925] NMI watchdog: Perf event create on CPU 0 failed with -2
[    0.232005] NMI watchdog: Perf NMI watchdog permanently disabled
[    0.236355] smp: Bringing up secondary CPUs ...
[    0.240990] x86: Booting SMP configuration:
[    0.244006] .... node  #0, CPUs:      #1
[    0.004000] kvm-clock: cpu 1, msr 0:3ff44041, secondary cpu clock
[    0.256000] TSC synchronization [CPU#0 -> CPU#1]:
[    0.256000] Measured 61277 cycles TSC warp between CPUs, turning off TSC clock.
[    0.256000] tsc: Marking TSC unstable due to check_tsc_sync_source failed
[    0.264357] smp: Brought up 1 node, 2 CPUs
[    0.268007] smpboot: Max logical packages: 1
[    0.272005] smpboot: Total of 2 processors activated (7200.02 BogoMIPS)
[    0.280525] devtmpfs: initialized
[    0.284163] x86/mm: Memory block size: 128MB
[    0.288522] evm: security.selinux
[    0.292007] evm: security.SMACK64
[    0.296006] evm: security.SMACK64EXEC
[    0.300005] evm: security.SMACK64TRANSMUTE
[    0.304006] evm: security.SMACK64MMAP
[    0.308003] evm: security.apparmor
[    0.312003] evm: security.ima
[    0.316005] evm: security.capability
[    0.320374] clocksource: jiffies: mask: 0xffffffff max_cycles: 0xffffffff, max_idle_ns: 7645041785100000 ns
[    0.324024] futex hash table entries: 512 (order: 3, 32768 bytes)
[    0.328075] pinctrl core: initialized pinctrl subsystem
[    0.332554] RTC time:  0:27:20, date: 04/28/23
[    0.337327] NET: Registered protocol family 16
[    0.340107] audit: initializing netlink subsys (disabled)
[    0.344230] audit: type=2000 audit(1682641645.064:1): state=initialized audit_enabled=0 res=1
[    0.356007] cpuidle: using governor ladder
[    0.360010] cpuidle: using governor menu
[    0.364078] ACPI: bus type PCI registered
[    0.368005] acpiphp: ACPI Hot Plug PCI Controller Driver version: 0.5
[    0.372599] PCI: Using configuration type 1 for base access
[    0.380487] HugeTLB registered 2.00 MiB page size, pre-allocated 0 pages
[    0.388278] ACPI: Added _OSI(Module Device)
[    0.392005] ACPI: Added _OSI(Processor Device)
[    0.396004] ACPI: Added _OSI(3.0 _SCP Extensions)
[    0.400004] ACPI: Added _OSI(Processor Aggregator Device)
[    0.404004] ACPI: Added _OSI(Linux-Dell-Video)
[    0.408004] ACPI: Added _OSI(Linux-Lenovo-NV-HDMI-Audio)
[    0.412004] ACPI: Added _OSI(Linux-HPI-Hybrid-Graphics)
[    0.420211] ACPI: Executed 1 blocks of module-level executable AML code
[    0.432339] ACPI: Interpreter enabled
[    0.436021] ACPI: (supports S0 S5)
[    0.440004] ACPI: Using IOAPIC for interrupt routing
[    0.444502] PCI: Using host bridge windows from ACPI; if necessary, use "pci=nocrs" and report a bug
[    0.448309] ACPI: Enabled 2 GPEs in block 00 to 07
[    0.465318] ACPI: PCI Root Bridge [PCI0] (domain 0000 [bus 00-ff])
[    0.468012] acpi PNP0A03:00: _OSC: OS supports [ASPM ClockPM Segments MSI]
[    0.476326] acpi PNP0A03:00: _OSC: not requesting OS control; OS requires [ExtendedConfig ASPM ClockPM MSI]
[    0.480027] acpi PNP0A03:00: fail to add MMCONFIG information, can't access extended PCI configuration space under this bridge.
[    0.485200] PCI host bridge to bus 0000:00
[    0.488009] pci_bus 0000:00: root bus resource [io  0x0000-0x0cf7 window]
[    0.492007] pci_bus 0000:00: root bus resource [io  0x0d00-0xffff window]
[    0.496006] pci_bus 0000:00: root bus resource [mem 0x000a0000-0x000bffff window]
[    0.500010] pci_bus 0000:00: root bus resource [mem 0x40000000-0xfdffffff window]
[    0.504008] pci_bus 0000:00: root bus resource [bus 00-ff]
[    0.514827] pci 0000:00:01.1: legacy IDE quirk: reg 0x10: [io  0x01f0-0x01f7]
[    0.516006] pci 0000:00:01.1: legacy IDE quirk: reg 0x14: [io  0x03f6]
[    0.520006] pci 0000:00:01.1: legacy IDE quirk: reg 0x18: [io  0x0170-0x0177]
[    0.524004] pci 0000:00:01.1: legacy IDE quirk: reg 0x1c: [io  0x0376]
[    0.551443] pci 0000:00:07.0: quirk: [io  0x4000-0x403f] claimed by PIIX4 ACPI
[    0.552049] pci 0000:00:07.0: quirk: [io  0x4100-0x410f] claimed by PIIX4 SMB
[    0.569862] ACPI: PCI Interrupt Link [LNKA] (IRQs 5 9 10 *11)
[    0.572640] ACPI: PCI Interrupt Link [LNKB] (IRQs 5 9 *10 11)
[    0.576266] ACPI: PCI Interrupt Link [LNKC] (IRQs 5 *9 10 11)
[    0.580275] ACPI: PCI Interrupt Link [LNKD] (IRQs 5 9 10 *11)
[    0.588382] SCSI subsystem initialized
[    0.592230] pci 0000:00:02.0: vgaarb: setting as boot VGA device
[    0.596000] pci 0000:00:02.0: vgaarb: VGA device added: decodes=io+mem,owns=io+mem,locks=none
[    0.596018] pci 0000:00:02.0: vgaarb: bridge control possible
[    0.600006] vgaarb: loaded
[    0.604114] ACPI: bus type USB registered
[    0.608024] usbcore: registered new interface driver usbfs
[    0.612046] usbcore: registered new interface driver hub
[    0.616015] usbcore: registered new device driver usb
[    0.620269] EDAC MC: Ver: 3.0.0
[    0.625119] PCI: Using ACPI for IRQ routing
[    0.632484] NetLabel: Initializing
[    0.636005] NetLabel:  domain hash size = 128
[    0.640003] NetLabel:  protocols = UNLABELED CIPSOv4 CALIPSO
[    0.644026] NetLabel:  unlabeled traffic allowed by default
[    0.648265] clocksource: Switched to clocksource kvm-clock
[    0.657916] VFS: Disk quotas dquot_6.6.0
[    0.657916] VFS: Dquot-cache hash table entries: 512 (order 0, 4096 bytes)
[    0.657916] AppArmor: AppArmor Filesystem Enabled
[    0.657916] pnp: PnP ACPI init
[    0.657916] pnp: PnP ACPI: found 3 devices
[    0.770437] clocksource: acpi_pm: mask: 0xffffff max_cycles: 0xffffff, max_idle_ns: 2085701024 ns
[    0.772234] NET: Registered protocol family 2
[    0.772234] IP idents hash table entries: 16384 (order: 5, 131072 bytes)
[    0.791817] TCP established hash table entries: 8192 (order: 4, 65536 bytes)
[    0.799663] TCP bind hash table entries: 8192 (order: 5, 131072 bytes)
[    0.806356] TCP: Hash tables configured (established 8192 bind 8192)
[    0.809889] UDP hash table entries: 512 (order: 2, 16384 bytes)
[    0.809889] UDP-Lite hash table entries: 512 (order: 2, 16384 bytes)
[    0.809889] NET: Registered protocol family 1
[    0.809889] pci 0000:00:00.0: Limiting direct PCI/PCI transfers
[    0.809889] pci 0000:00:01.0: Activating ISA DMA hang workarounds
[    0.809889] pci 0000:00:02.0: Video device with shadowed ROM at [mem 0x000c0000-0x000dffff]
[    0.809889] Unpacking initramfs...
[    1.373894] Freeing initrd memory: 19532K
[    1.373894] clocksource: tsc: mask: 0xffffffffffffffff max_cycles: 0x19f22e42037, max_idle_ns: 440795249997 ns
[    1.373894] platform rtc_cmos: registered platform RTC device (no PNP device found)
[    1.373894] Scanning for low memory corruption every 60 seconds
[    1.424584] Initialise system trusted keyrings
[    1.428121] Key type blacklist registered
[    1.432368] workingset: timestamp_bits=36 max_order=18 bucket_order=0
[    1.444753] zbud: loaded
[    1.453201] squashfs: version 4.0 (2009/01/31) Phillip Lougher
[    1.460578] fuse init (API version 7.26)
[    1.486931] Key type asymmetric registered
[    1.491898] Asymmetric key parser 'x509' registered
[    1.497139] Block layer SCSI generic (bsg) driver version 0.4 loaded (major 246)
[    1.504936] io scheduler noop registered
[    1.509355] io scheduler deadline registered
[    1.513498] io scheduler cfq registered (default)
[    1.518572] ACPI: AC Adapter [AC] (on-line)
[    1.523106] input: Power Button as /devices/LNXSYSTM:00/LNXPWRBN:00/input/input0
[    1.529990] ACPI: Power Button [PWRF]
[    1.533928] input: Sleep Button as /devices/LNXSYSTM:00/LNXSLPBN:00/input/input1
[    1.541074] ACPI: Sleep Button [SLPF]
[    1.545981] Serial: 8250/16550 driver, 32 ports, IRQ sharing enabled
[    1.547751] ACPI: Battery Slot [BAT0] (battery present)
[    1.589291] 00:02: ttyS0 at I/O 0x3f8 (irq = 4, base_baud = 115200) is a 16550A
[    1.598956] Linux agpgart interface v0.103
[    1.609161] loop: module loaded
[    1.615937] scsi host0: ata_piix
[    1.620462] scsi host1: ata_piix
[    1.624160] ata1: PATA max UDMA/33 cmd 0x1f0 ctl 0x3f6 bmdma 0xd000 irq 14
[    1.630564] ata2: PATA max UDMA/33 cmd 0x170 ctl 0x376 bmdma 0xd008 irq 15
[    1.637158] tun: Universal TUN/TAP device driver, 1.6
[    1.642729] PPP generic driver version 2.4.2
[    1.648852] ehci_hcd: USB 2.0 'Enhanced' Host Controller (EHCI) Driver
[    1.654597] ehci-pci: EHCI PCI platform driver
[    1.659163] ehci-platform: EHCI generic platform driver
[    1.663042] ohci_hcd: USB 1.1 'Open' Host Controller (OHCI) Driver
[    1.663042] ohci-pci: OHCI PCI platform driver
[    1.663042] ohci-platform: OHCI generic platform driver
[    1.663042] uhci_hcd: USB Universal Host Controller Interface driver
[    1.663042] i8042: PNP: PS/2 Controller [PNP0303:PS2K,PNP0f03:PS2M] at 0x60,0x64 irq 1,12
[    1.663042] serio: i8042 KBD port at 0x60,0x64 irq 1
[    1.663042] serio: i8042 AUX port at 0x60,0x64 irq 12
[    1.704971] mousedev: PS/2 mouse device common for all mice
[    1.713878] rtc_cmos rtc_cmos: rtc core: registered rtc_cmos as rtc0
[    1.721161] rtc_cmos rtc_cmos: alarms up to one day, 114 bytes nvram
[    1.727839] i2c /dev entries driver
[    1.732271] input: AT Translated Set 2 keyboard as /devices/platform/i8042/serio0/input/input2
[    1.732481] device-mapper: uevent: version 1.0.3
[    1.745689] device-mapper: ioctl: 4.37.0-ioctl (2017-09-20) initialised: dm-devel@redhat.com
[    1.754512] ledtrig-cpu: registered to indicate activity on CPUs
[    1.764028] NET: Registered protocol family 10
[    1.780988] Segment Routing with IPv6
[    1.785840] NET: Registered protocol family 17
[    1.791290] Key type dns_resolver registered
[    1.824885] mce: Using 0 MCE banks
[    1.836395] RAS: Correctable Errors collector initialized.
[    1.843637] sched_clock: Marking stable (1843553322, 0)->(2786103821, -942550499)
[    1.864571] registered taskstats version 1
[    1.868974] Loading compiled-in X.509 certificates
[    1.879069] Loaded X.509 cert 'Build time autogenerated kernel key: 34a8448b8ea51591fef45052227f4b706811bd64'
[    1.890334] Loaded X.509 cert 'Canonical Ltd. Live Patch Signing: 14df34d1a87cf37625abec039ef2bf521249b969'
[    1.901073] Loaded X.509 cert 'Canonical Ltd. Kernel Module Signing: 88f752e560a1e0737e31163a466ad7b70a850c19'
[    1.910916] blacklist: Loading compiled-in revocation X.509 certificates
[    1.917988] Loaded X.509 cert 'Canonical Ltd. Secure Boot Signing: 61482aa2830d0ab2ad5af10b7250da9033ddcef0'
[    1.926625] Loaded X.509 cert 'Canonical Ltd. Secure Boot Signing (2017): 242ade75ac4a15e50d50c84b0d45ff3eae707a03'
[    1.936229] Loaded X.509 cert 'Canonical Ltd. Secure Boot Signing (ESM 2018): 365188c1d374d6b07c3c8f240f8ef722433d6a8b'
[    1.946321] Loaded X.509 cert 'Canonical Ltd. Secure Boot Signing (2019): c0746fd6c5da3ae827864651ad66ae47fe24b3e8'
[    1.956184] Loaded X.509 cert 'Canonical Ltd. Secure Boot Signing (2021 v1): a8d54bbb3825cfb94fa13c9f8a594a195c107b8d'
[    1.965961] Loaded X.509 cert 'Canonical Ltd. Secure Boot Signing (2021 v2): 4cf046892d6fd3c9a5b03f98d845f90851dc6a8c'
[    1.975660] Loaded X.509 cert 'Canonical Ltd. Secure Boot Signing (2021 v3): 100437bb6de6e469b581e61cd66bce3ef4ed53af'
[    1.985158] Loaded X.509 cert 'Canonical Ltd. Secure Boot Signing (Ubuntu Core 2019): c1d57b8f6b743f23ee41f4f7ee292f06eecadfb9'
[    1.995692] zswap: loaded using pool lzo/zbud
[    2.010360] Key type big_key registered
[    2.014836] Key type trusted registered
[    2.022718] Key type encrypted registered
[    2.027056] AppArmor: AppArmor sha1 policy hashing enabled
[    2.032087] ima: No TPM chip found, activating TPM-bypass! (rc=-19)
[    2.037621] ima: Allocated hash algorithm: sha1
[    2.041900] evm: HMAC attrs: 0x1
[    2.046160]   Magic number: 3:16:457
[    2.050584] rtc_cmos rtc_cmos: setting system clock to 2023-04-28 00:27:21 UTC (1682641641)
[    2.058651] BIOS EDD facility v0.16 2004-Jun-25, 0 devices found
[    2.064810] EDD information not available.
[    2.072737] Freeing unused kernel image memory: 2480K
[    2.092755] Write protecting the kernel read-only data: 20480k
[    2.100326] Freeing unused kernel image memory: 2008K
[    2.105618] Freeing unused kernel image memory: 1820K
[    2.118022] x86/mm: Checked W+X mappings: passed, no W+X pages found.
Loading, please wait...
starting version 237
[    2.253742] Fusion MPT base driver 3.04.20
[    2.259149] Copyright (c) 1999-2008 LSI Corporation
[    2.280645] e1000: Intel(R) PRO/1000 Network Driver - version 7.3.21-k8-NAPI
[    2.288664] e1000: Copyright (c) 1999-2006 Intel Corporation.
[    2.334838] Fusion MPT SPI Host driver 3.04.20
[    2.348748] SSE version of gcm_enc/dec engaged.
[    2.560908] input: ImExPS/2 Generic Explorer Mouse as /devices/platform/i8042/serio1/input/input4
[    3.194567] e1000 0000:00:03.0 eth0: (PCI:33MHz:32-bit) 02:a3:74:7a:05:58
[    3.201212] e1000 0000:00:03.0 eth0: Intel(R) PRO/1000 Network Connection
[    4.069262] e1000 0000:00:08.0 eth1: (PCI:33MHz:32-bit) 08:00:27:c2:1c:1d
[    4.075669] e1000 0000:00:08.0 eth1: Intel(R) PRO/1000 Network Connection
[    4.083625] e1000 0000:00:03.0 enp0s3: renamed from eth0
[    4.086266] mptbase: ioc0: Initiating bringup
[  373.306070] INFO: rcu_sched detected stalls on CPUs/tasks:
[  373.311384] 	(detected by 0, t=92305 jiffies, g=-215, c=-216, q=140)
[  373.317623] All QSes seen, last rcu_sched kthread activity 92305 (4294985623-4294893318), jiffies_till_next_fqs=1, root ->qsmask 0x0
[  373.330287] swapper/0       R  running task        0     0      0 0x80000000
[  373.337663] Call Trace:
[  373.341292]  <IRQ>
[  373.344220]  sched_show_task+0xfe/0x130
[  373.348490]  rcu_check_callbacks+0x8d6/0x8e0
[  373.352959]  ? tick_sched_do_timer+0x50/0x50
[  373.357229]  update_process_times+0x2f/0x60
[  373.361316]  tick_sched_handle+0x26/0x70
[  373.365020]  ? tick_sched_do_timer+0x42/0x50
[  373.369132]  tick_sched_timer+0x39/0x80
[  373.372749]  __hrtimer_run_queues+0xdf/0x230
[  373.377185]  hrtimer_interrupt+0x97/0x180
[  373.381122]  smp_apic_timer_interrupt+0x6f/0x140
[  373.385566]  apic_timer_interrupt+0x90/0xa0
[  373.389699]  </IRQ>
[  373.392206] RIP: 0010:native_safe_halt+0x12/0x20
[  373.397077] RSP: 0018:ffffffffae803e28 EFLAGS: 00010246 ORIG_RAX: ffffffffffffff11
[  373.404174] RAX: ffffffffaddcf990 RBX: 0000000000000000 RCX: 0000000000000000
[  373.410839] RDX: 0000000000000000 RSI: 0000000000000000 RDI: 0000000000000000
[  373.418003] RBP: ffffffffae803e28 R08: 0000000000000002 R09: 0000000000000001
[  373.425394] R10: 0000000000000000 R11: 0000000000000000 R12: 0000000000000000
[  373.431897] R13: 0000000000000000 R14: 0000000000000000 R15: 0000000000000000
[  373.439135]  ? __sched_text_end+0x1/0x1
[  373.443563]  default_idle+0x20/0x100
[  373.447071]  arch_cpu_idle+0x15/0x20
[  373.450714]  default_idle_call+0x23/0x30
[  373.454383]  do_idle+0x172/0x1f0
[  373.457784]  cpu_startup_entry+0x73/0x80
[  373.461547]  rest_init+0xae/0xb0
[  373.465237]  start_kernel+0x4c9/0x4ed
[  373.469038]  x86_64_start_reservations+0x24/0x26
[  373.473038]  x86_64_start_kernel+0x8e/0x91
[  373.476312]  secondary_startup_64+0xa5/0xb0
[  373.479916] rcu_sched kthread starved for 92305 jiffies! g18446744073709551401 c18446744073709551400 f0x2 RCU_GP_WAIT_FQS(3) ->state=0x200 ->cpu=0
[  373.490262] rcu_sched       R    0     8      2 0x80000000
[  373.495821] Call Trace:
[  373.498672]  __schedule+0x24e/0x890
[  373.502316]  ? __switch_to_asm+0x41/0x70
[  373.505987]  schedule+0x2c/0x80
[  373.508973]  schedule_timeout+0x15d/0x370
[  373.512674]  ? __next_timer_interrupt+0xe0/0xe0
[  373.517108]  rcu_gp_kthread+0x53a/0x980
[  373.520800]  kthread+0x121/0x140
[  373.524175]  ? rcu_note_context_switch+0x150/0x150
[  373.528801]  ? kthread_create_worker_on_cpu+0x70/0x70
[  373.533977]  ret_from_fork+0x1f/0x40
[  373.655182] ioc0: LSI53C1030 A0: Capabilities={Initiator}
[  374.321141] scsi host2: ioc0: LSI53C1030 A0, FwRev=00000000h, Ports=1, MaxQ=256, IRQ=20
[  374.920176] scsi 2:0:0:0: Direct-Access     VBOX     HARDDISK         1.0  PQ: 0 ANSI: 5
[  375.004101] scsi target2:0:0: Beginning Domain Validation
[  375.024421] scsi target2:0:0: Domain Validation skipping write tests
[  375.031171] scsi target2:0:0: Ending Domain Validation
[  375.036539] scsi target2:0:0: asynchronous
[  375.043921] scsi 2:0:1:0: Direct-Access     VBOX     HARDDISK         1.0  PQ: 0 ANSI: 5
[  375.119851] scsi target2:0:1: Beginning Domain Validation
[  375.163553] scsi target2:0:1: Domain Validation skipping write tests
[  375.172249] scsi target2:0:1: Ending Domain Validation
[  375.177125] scsi target2:0:1: asynchronous
[  375.195485] sd 2:0:0:0: Attached scsi generic sg0 type 0
[  375.201998] sd 2:0:0:0: [sda] 83886080 512-byte logical blocks: (42.9 GB/40.0 GiB)
[  375.210159] sd 2:0:1:0: Attached scsi generic sg1 type 0
[  375.210265] sd 2:0:0:0: [sda] Write Protect is off
[  375.222130] sd 2:0:0:0: [sda] Incomplete mode parameter data
[  375.222233] sd 2:0:1:0: [sdb] 20480 512-byte logical blocks: (10.5 MB/10.0 MiB)
[  375.228153] sd 2:0:0:0: [sda] Assuming drive cache: write through
[  375.240654] sd 2:0:1:0: [sdb] Write Protect is off
[  375.247655] sd 2:0:1:0: [sdb] Incomplete mode parameter data
[  375.253766]  sda: sda1
[  375.254113] sd 2:0:1:0: [sdb] Assuming drive cache: write through
[  375.270150] sd 2:0:0:0: [sda] Attached SCSI disk
[  375.280299] sd 2:0:1:0: [sdb] Attached SCSI disk
Begin: Loading essential drivers ... [  377.632701] raid6: sse2x1   gen() 10854 MB/s
[  377.684239] raid6: sse2x1   xor()  6211 MB/s
[  377.732274] raid6: sse2x2   gen() 12440 MB/s
[  377.784996] raid6: sse2x2   xor()  8542 MB/s
[  377.836703] raid6: sse2x4   gen() 13054 MB/s
[  377.888537] raid6: sse2x4   xor()  7922 MB/s
[  377.893647] raid6: using algorithm sse2x4 gen() 13054 MB/s
[  377.898668] raid6: .... xor() 7922 MB/s, rmw enabled
[  377.903712] raid6: using ssse3x2 recovery algorithm
[  377.911426] xor: measuring software checksum speed
[  377.956279]    prefetch64-sse: 16015.000 MB/sec
[  378.000222]    generic_sse: 18940.000 MB/sec
[  378.006035] xor: using function: generic_sse (18940.000 MB/sec)
[  378.014559] async_tx: api initialized (async)
done.
Begin: Running /scripts/init-premount ... done.
Begin: Mounting root file system ... Begin: Running /scripts/local-top ... done.
Begin: Running /scripts/local-premount ... [  378.087435] Btrfs loaded, crc32c=crc32c-intel
Scanning for Btrfs filesystems
done.
Warning: fsck not present, so skipping root file system
[  378.161224] EXT4-fs (sda1): mounted filesystem with ordered data mode. Opts: (null)
done.
Begin: Running /scripts/local-bottom ... done.
Begin: Running /scripts/init-bottom ... done.
[  378.550703] ip_tables: (C) 2000-2006 Netfilter Core Team
[  378.576308] systemd[1]: systemd 237 running in system mode. (+PAM +AUDIT +SELINUX +IMA +APPARMOR +SMACK +SYSVINIT +UTMP +LIBCRYPTSETUP +GCRYPT +GNUTLS +ACL +XZ +LZ4 +SECCOMP +BLKID +ELFUTILS +KMOD -IDN2 +IDN -PCRE2 default-hierarchy=hybrid)
[  378.593631] systemd[1]: Detected virtualization oracle.
[  378.598929] systemd[1]: Detected architecture x86-64.

Welcome to [1mUbuntu 18.04.6 LTS[0m!

[  378.640856] systemd[1]: Set hostname to <ubuntu>.
[  378.653466] systemd[1]: Initializing machine ID from random generator.
[  378.658947] systemd[1]: Installed transient /etc/machine-id file.
[  379.144781] systemd[1]: Reached target System Time Synchronized.
[[0;32m  OK  [0m] Reached target System Time Synchronized.
[  379.152516] systemd[1]: Started Forward Password Requests to Wall Directory Watch.
[[0;32m  OK  [0m] Started Forward Password Requests to Wall Directory Watch.
[  379.161137] systemd[1]: Reached target User and Group Name Lookups.
[[0;32m  OK  [0m] Reached target User and Group Name Lookups.
[  379.168711] systemd[1]: Reached target Mounting snaps.
[[0;32m  OK  [0m] Reached target Mounting snaps.
[[0;32m  OK  [0m] Reached target Mounted snaps.
[[0;32m  OK  [0m] Reached target Swap.
[[0;32m  OK  [0m] Created slice System Slice.
[[0;32m  OK  [0m] Listening on Journal Socket (/dev/log).
[[0;32m  OK  [0m] Listening on /dev/initctl Compatibility Named Pipe.
[[0;32m  OK  [0m] Listening on LVM2 poll daemon socket.
[[0;32m  OK  [0m] Listening on Journal Socket.
         Starting Set the console keyboard layout...
         Mounting POSIX Message Queue File System...
         Mounting Kernel Debug File System...
         Starting Create list of required st…ce nodes for the current kernel...
[[0;32m  OK  [0m] Listening on LVM2 metadata daemon socket.
[[0;32m  OK  [0m] Listening on Syslog Socket.
         Mounting Huge Pages File System...
[[0;32m  OK  [0m] Created slice User and Session Slice.
[[0;32m  OK  [0m] Reached target Slices.
[[0;32m  OK  [0m] Listening on fsck to fsckd communication Socket.
[[0;32m  OK  [0m] Created slice system-serial\x2dgetty.slice.
[[0;32m  OK  [0m] Listening on Device-mapper event daemon FIFOs.
         Starting Monitoring of LVM2 mirrors…ng dmeventd or progress polling...
         Starting File System Check on Root Device...
[[0;32m  OK  [0m] Set up automount Arbitrary Executab…rmats File System Automount Point.
[[0;32m  OK  [0m] Listening on udev Control Socket.
         Starting Uncomplicated firewall...
         Starting Load Kernel Modules...
[[0;32m  OK  [0m] Listening on udev Kernel Socket.
         Starting udev Coldplug all Devices...
[[0;32m  OK  [0m] Listening on Network Service Netlink Socket.
[[0;32m  OK  [0m] Listening on Journal Audit Socket.
         Starting Journal Service...
[[0;32m  OK  [0m] Mounted POSIX Message Queue File System.
[[0;32m  OK  [0m] Mounted Kernel Debug File System.
[[0;32m  OK  [0m] Started Create list of required sta…vice nodes for the current kernel.
[[0;32m  OK  [0m] Mounted Huge Pages File System.
[[0;32m  OK  [0m] Started File System Check Daemon to report status.
         Starting Create Static Device Nodes in /dev...
[[0;32m  OK  [0m] Started Uncomplicated firewall.
[  379.391130] Loading iSCSI transport class v2.0-870.
[[0;32m  OK  [0m] Started LVM2 metadata daemon.
[[0;32m  OK  [0m] Started udev Coldplug all Devices.
[[0;32m  OK  [0m] Started Create Static Device Nodes in /dev.
[[0;32m  OK  [0m] Started File System Check on Root Device.
         Starting Remount Root and Kernel File Systems...
[[0;32m  OK  [0m] Started Journal Service.
[  379.533453] iscsi: registered transport (tcp)
[  379.590981] iscsi: registered transport (iser)
[[0;32m  OK  [0m] Started Load Kernel Modules.
         Mounting FUSE Control File System...
         Mounting Kernel Configuration File System...
[  379.607524] EXT4-fs (sda1): re-mounted. Opts: (null)
         Starting Apply Kernel Variables...
[[0;32m  OK  [0m] Mounted FUSE Control File System.
[[0;32m  OK  [0m] Mounted Kernel Configuration File System.
[[0;32m  OK  [0m] Started Remount Root and Kernel File Systems.
         Starting Flush Journal to Persistent Storage...
         Starting udev Kernel Device Manager...
         Starting Load/Save Random Seed...
[  379.678936] systemd-journald[419]: Received request to flush runtime journal from PID 1
[[0;32m  OK  [0m] Started Monitoring of LVM2 mirrors,…sing dmeventd or progress polling.
[[0;32m  OK  [0m] Started Load/Save Random Seed.
[[0;32m  OK  [0m] Started Apply Kernel Variables.
[[0;32m  OK  [0m] Started Flush Journal to Persistent Storage.
[[0;32m  OK  [0m] Started udev Kernel Device Manager.
[[0;32m  OK  [0m] Found device /dev/ttyS0.
[[0;32m  OK  [0m] Listening on Load/Save RF Kill Switch Status /dev/rfkill Watch.
         Mounting Arbitrary Executable File Formats File System...
[[0;32m  OK  [0m] Started Set the console keyboard layout.
[[0;32m  OK  [0m] Mounted Arbitrary Executable File Formats File System.
[[0;32m  OK  [0m] Reached target Local File Systems (Pre).
[[0;32m  OK  [0m] Reached target Local File Systems.
         Starting ebtables ruleset management...
         Starting Set console font and keymap...
         Starting Commit a transient machine-id on disk...
         Starting Create Volatile Files and Directories...
         Starting Tell Plymouth To Write Out Runtime Data...
         Starting AppArmor initialization...
[[0;32m  OK  [0m] Started Dispatch Password Requests to Console Directory Watch.
[[0;32m  OK  [0m] Reached target Local Encrypted Volumes.
[[0;32m  OK  [0m] Started Tell Plymouth To Write Out Runtime Data.
[[0;32m  OK  [0m] Started Create Volatile Files and Directories.
         Starting Update UTMP about System Boot/Shutdown...
[[0;32m  OK  [0m] Started Update UTMP about System Boot/Shutdown.
[[0;32m  OK  [0m] Started Commit a transient machine-id on disk.
[[0;32m  OK  [0m] Started ebtables ruleset management.
[[0;32m  OK  [0m] Started AppArmor initialization.
         Starting Initial cloud-init job (pre-networking)...
         Starting Load AppArmor profiles managed internally by snapd...
[[0;32m  OK  [0m] Started Load AppArmor profiles managed internally by snapd.
[[0;32m  OK  [0m] Started Set console font and keymap.
[  384.853252] cloud-init[754]: Cloud-init v. 23.1.1-0ubuntu0~18.04.1 running 'init-local' at Fri, 28 Apr 2023 00:33:43 +0000. Up 384.21 seconds.
[[0;32m  OK  [0m] Started Initial cloud-init job (pre-networking).
[[0;32m  OK  [0m] Reached target Network (Pre).
         Starting Network Service...
[[0;32m  OK  [0m] Started Network Service.
         Starting Wait for Network to be Configured...
         Starting Network Name Resolution...
[[0;32m  OK  [0m] Started Network Name Resolution.
[[0;32m  OK  [0m] Reached target Host and Network Name Lookups.
[[0;32m  OK  [0m] Reached target Network.
[[0;32m  OK  [0m] Started Wait for Network to be Configured.
         Starting Initial cloud-init job (metadata service crawler)...
[  387.547343] cloud-init[927]: Cloud-init v. 23.1.1-0ubuntu0~18.04.1 running 'init' at Fri, 28 Apr 2023 00:33:46 +0000. Up 387.36 seconds.
[  387.552900] cloud-init[927]: ci-info: ++++++++++++++++++++++++++++++++++++++Net device info++++++++++++++++++++++++++++++++++++++
[  387.557807] cloud-init[927]: ci-info: +--------+-------+---------------------------+---------------+--------+-------------------+
[  387.563216] cloud-init[927]: ci-info: | Device |   Up  |          Address          |      Mask     | Scope  |     Hw-Address    |
[  387.567953] cloud-init[927]: ci-info: +--------+-------+---------------------------+---------------+--------+-------------------+
[  387.573097] cloud-init[927]: ci-info: | enp0s3 |  True |         10.0.2.15         | 255.255.255.0 | global | 02:a3:74:7a:05:58 |
[  387.578537] cloud-init[927]: ci-info: | enp0s3 |  True | fe80::a3:74ff:fe7a:558/64 |       .       |  link  | 02:a3:74:7a:05:58 |
[  387.584382] cloud-init[927]: ci-info: | enp0s8 | False |             .             |       .       |   .    | 08:00:27:c2:1c:1d |
[  387.589122] cloud-init[927]: ci-info: |   lo   |  True |         127.0.0.1         |   255.0.0.0   |  host  |         .         |
[  387.594050] cloud-init[927]: ci-info: |   lo   |  True |          ::1/128          |       .       |  host  |         .         |
[  387.599056] cloud-init[927]: ci-info: +--------+-------+---------------------------+---------------+--------+-------------------+
[  387.604164] cloud-init[927]: ci-info: ++++++++++++++++++++++++++++Route IPv4 info+++++++++++++++++++++++++++++
[  387.608058] cloud-init[927]: ci-info: +-------+-------------+----------+-----------------+-----------+-------+
[  387.611774] cloud-init[927]: ci-info: | Route | Destination | Gateway  |     Genmask     | Interface | Flags |
[  387.616121] cloud-init[927]: ci-info: +-------+-------------+----------+-----------------+-----------+-------+
[  387.621074] cloud-init[927]: ci-info: |   0   |   0.0.0.0   | 10.0.2.2 |     0.0.0.0     |   enp0s3  |   UG  |
[  387.625816] cloud-init[927]: ci-info: |   1   |   10.0.2.0  | 0.0.0.0  |  255.255.255.0  |   enp0s3  |   U   |
[  387.630809] cloud-init[927]: ci-info: |   2   |   10.0.2.2  | 0.0.0.0  | 255.255.255.255 |   enp0s3  |   UH  |
[  387.635738] cloud-init[927]: ci-info: +-------+-------------+----------+-----------------+-----------+-------+
[  387.640590] cloud-init[927]: ci-info: +++++++++++++++++++Route IPv6 info+++++++++++++++++++
[  387.644816] cloud-init[927]: ci-info: +-------+-------------+---------+-----------+-------+
[  387.649100] cloud-init[927]: ci-info: | Route | Destination | Gateway | Interface | Flags |
[  387.652660] cloud-init[927]: ci-info: +-------+-------------+---------+-----------+-------+
[  387.656768] cloud-init[927]: ci-info: |   1   |  fe80::/64  |    ::   |   enp0s3  |   U   |
[  387.661270] cloud-init[927]: ci-info: |   3   |    local    |    ::   |   enp0s3  |   U   |
[  387.665076] cloud-init[927]: ci-info: |   4   |   ff00::/8  |    ::   |   enp0s3  |   U   |
[  387.668952] cloud-init[927]: ci-info: +-------+-------------+---------+-----------+-------+
[  388.868368] cloud-init[927]: Generating public/private rsa key pair.
[  388.871486] cloud-init[927]: Your identification has been saved in /etc/ssh/ssh_host_rsa_key.
[  388.874926] cloud-init[927]: Your public key has been saved in /etc/ssh/ssh_host_rsa_key.pub.
[  388.878207] cloud-init[927]: The key fingerprint is:
[  388.880569] cloud-init[927]: SHA256:BGkR+caQTjlYpVsbfA4Eg251anJ0MAYX7XhPMevgK9Q root@ubuntu-bionic
[  388.884406] cloud-init[927]: The key's randomart image is:
[  388.887008] cloud-init[927]: +---[RSA 2048]----+
[  388.890024] cloud-init[927]: |    .=&&o        |
[  388.892667] cloud-init[927]: |    oo%B+ o      |
[  388.898438] cloud-init[927]: |   . *.@* .+     |
[  388.904863] cloud-init[927]: |    + *+B*o      |
[  388.911306] cloud-init[927]: |   . +.=S=.      |
[  388.917522] cloud-init[927]: |      . E o      |
[  388.923573] cloud-init[927]: |     .   .       |
[  388.930439] cloud-init[927]: |      . .        |
[  388.937078] cloud-init[927]: |       .         |
[  388.943175] cloud-init[927]: +----[SHA256]-----+
[  388.950184] cloud-init[927]: Generating public/private dsa key pair.
[  388.957571] cloud-init[[0;32m  OK  [0m] Started Initial cloud-init job (metadata service crawler).
[[0;32m  OK  [0m] Reached target Cloud-config availability.
[[0;32m  OK  [0m] Reached target Network is Online.
         Starting Availability of block devices...
[[0;32m  OK  [0m] Reached target Remote File Systems (Pre).
[[0;32m  OK  [0m] Reached target Remote File Systems.
[[0;32m  OK  [0m] Reached target System Initialization.
[[0;32m  OK  [0m] Listening on UUID daemon activation socket.
[[0;32m  OK  [0m] Listening on ACPID Listen Socket.
[[0;32m  OK  [0m] Started ACPI Events Check.
[[0;32m  OK  [0m] Started Daily Cleanup of Temporary Directories.
[[0;32m  OK  [0m] Reached target Paths.
[[0;32m  OK  [0m] Listening on cloud-init hotplug hook socket.
[[0;32m  OK  [0m] Listening on D-Bus System Message Bus Socket.
[[0;32m  OK  [0m] Started Ubuntu Advantage Timer for running repeated jobs.
[[0;32m  OK  [0m] Started Discard unused blocks once a week.
[[0;32m  OK  [0m] Started Message of the Day.
         Starting Socket activation for snappy daemon.
         Starting LXD - unix socket.
[[0;32m  OK  [0m] Started Daily apt download activities.
[[0;32m  OK  [0m] Started Daily apt upgrade and clean activities.
[[0;32m  OK  [0m] Reached target Timers.
[[0;32m  OK  [0m] Listening on Open-iSCSI iscsid Socket.
[[0;32m  OK  [0m] Listening on LXD - unix socket.
[[0;32m  OK  [0m] Started Availability of block devices.
[[0;32m  OK  [0m] Listening on Socket activation for snappy daemon.
[[0;32m  OK  [0m] Reached target Sockets.
[[0;32m  OK  [0m] Reached target Basic System.
[[0;32m  OK  [0m] Started irqbalance daemon.
         Starting LSB: Record successful boot for GRUB...
[[0;32m  OK  [0m] Started Regular background program processing daemon.
         Starting Virtualbox guest utils...
[927]: Your identification has been saved in /etc/ssh/ssh_host_dsa_key.         Starting Dispatcher daemon for systemd-networkd...
         Starting LSB: automatic crash report generation...
         Starting Accounts Service...
[[0;32m  OK  [0m] Started Deferred execution scheduler.
         Starting Login Service...
[[0;32m  OK  [0m] Started FUSE filesystem for LXC.
         Starting System Logging Service...
         Starting Permit User Sessions...

         Starting Pollinate to seed the pseudo random number generator...
[[0;32m  OK  [0m] Reached target Login Prompts (Pre).
         Starting LXD - container startup/shutdown...
[  389.104589] [[0;32m  OK  [0m] Started D-Bus System Message Bus.
cloud-init[927]: Your public key has been saved in /etc/ssh/ssh_host_dsa_key.pub.
[  389.145084] cloud-init[927]: The key fingerprint is:
[  389.165501] cloud-init[927]: SHA256:H9f7HFWi/UfB2L3DbzVk2KXCZdUO+GO4OqgzcnwEaas root@ubuntu-bionic
[  389.194129] cloud-init[927]: The key's randomart image is:
[  389.206394] cloud-init[927]: +---[DSA 1024]----+
[  389.213854] cloud-init[927]: |             .o.+|
[  389.221401] cloud-init[927]: |           ..oB.+|
[  389.229579] cloud-init[927]: |       .    o=oXo|
[  389.237704] cloud-init[927]: |      +     .=B.=|
[  389.249807] cloud-init[927]: |     . oS . ooo*+|
[  389.259065] cloud-init[927]: |      . .. o.  +*|
[  389.266579] cloud-init[927]: |     o . ...  ..=|
[  389.274695] cloud-init[927]: |    E = o o    +o|
[  389.285522] cloud-init[927]: |     o.=   .    o|
[  389.293187] cloud-init[927]: +----[SHA256]-----+
[  389.301092] cloud-init[927]: Generating public/private ecdsa key pair.
[  389.309080] cloud-init[927]: Your identification has been saved in /etc/ssh/ssh_host_ecdsa_key.
[  389.316844] cloud-init[927]: Your public key has been saved in /etc/ssh/ssh_host_ecdsa_key.pub.
[  389.325808] cloud-init[927]: The key fingerprint is:
[  389.336092] cloud-init[927]: SHA256:YJC74BbzPWgrLHlOAQB0fbiFxEg9QvJkg0EgPNyWxKo root@ubuntu-bionic
[  389.347731] cloud-init[927]: The key's randomart image is:
[  389.355279] cloud-init[927]: +---[ECDSA 256]---+
[  389.363530] cloud-init[927]: |%=OOOoo          |
[  389.375212] cloud-init[927]: |o=*BoO o         |
[  389.384893] cloud-init[927]: |. +...B          |
[  389.407114] cloud-init[927]: | o+ .o .         |
[  389.425474] cloud-init[927]: |...= +  S        |
[  389.449996] cloud-init[927]: |E o.= o          |
[  389.457813] cloud-init[927]: | +.. . .         |
         Starting Snap Daemon...
[[0;32m  OK  [0m] Started System Logging Service.
[[0;32m  OK  [0m] Started Permit User Sessions.
[  389.474652] cloud-init[927]: |o.+ .            |
[  389.509001] cloud-init[927]: | +..             |
[[0;32m  OK  [0m] Started Login Service.
[  389.527490] cloud-init[927]: +----[SHA256]-----+
[  389.539323] cloud-init[927]: Generating public/private ed25519 key pair.
[  389.556708] cloud-init[927]: Your identification has been saved in /etc/ssh/ssh_host_ed25519_key.
[  389.563246] cloud-init[927]: Your public key has been saved in /etc/ssh/ssh_host_ed25519_key.pub.
[  389.570030] cloud-init[927]: The key fingerprint is:
[  389.573855] cloud-init[927]: SHA256:PtHIlgsMJ64PtopAedMXMAFoENEMUt3UD/OXtT6M72k root@ubuntu-bionic
[  389.579248] cloud-init[927]: The key's randomart image is:
[  389.584353] cloud-init[927]: +--[ED25519 256]--+
[  389.588003] cloud-init[927]: |BBoo.*o.         |
[  389.592907] cloud-init[927]: |.oo . + +     .  |
[  389.596713] cloud-init[927]: |.   o .. =   o . |
[  389.600121] cloud-init[927]: |  ...= ..+o o .  |
[  389.603700] cloud-init[927]: | o o..o.S .. +   |
[  389.606381] cloud-init[927]: |. ... .+ o  . +  |
[  389.609328] cloud-init[927]: |. +     +    . . |
[  389.613197] cloud-init[927]: |o. +     .    E. |
[  389.617899] cloud-init[927]: |o.. .        oo  |
[  389.621902] cloud-init[927]: +----[SHA256]-----+
         Starting Authorization Manager...
[[0;32m  OK  [0m] Started Unattended Upgrades Shutdown.
         Starting Terminate Plymouth Boot Screen...
         Starting Hold until boot process finishes up...
[[0;32m  OK  [0m] Started Hold until boot process finishes up.
[[0;32m  OK  [0m] Started Serial Getty on ttyS0.
         Starting Set console scheme...
[[0;32m  OK  [0m] Started LSB: automatic crash report generation.
[[0;32m  OK  [0m] Started Terminate Plymouth Boot Screen.
[[0;32m  OK  [0m] Started Set console scheme.
[[0;32m  OK  [0m] Created slice system-getty.slice.
[[0;32m  OK  [0m] Started Getty on tty1.
[[0;32m  OK  [0m] Reached target Login Prompts.
[[0;32m  OK  [0m] Started LSB: Record successful boot for GRUB.
[[0;32m  OK  [0m] Started Authorization Manager.
[[0;32m  OK  [0m] Started Accounts Service.
[[0;32m  OK  [0m] Started Virtualbox guest utils.
[[0;32m  OK  [0m] Started LXD - container startup/shutdown.
[[0;32m  OK  [0m] Started Dispatcher daemon for systemd-networkd.
[[0;32m  OK  [0m] Started Snap Daemon.
         Starting Wait until snapd is fully seeded...
[[0;32m  OK  [0m] Started Pollinate to seed the pseudo random number generator.
         Starting OpenBSD Secure Shell server...
[[0;32m  OK  [0m] Started OpenBSD Secure Shell server.
         Starting Time & Date Service...
[[0;32m  OK  [0m] Started Time & Date Service.
[[0;32m  OK  [0m] Started Wait until snapd is fully seeded.
         Starting Apply the settings specified in cloud-config...

Ubuntu 18.04.6 LTS ubuntu-bionic ttyS0

ubuntu-bionic login: [  395.746636] cloud-init[1376]: Cloud-init v. 23.1.1-0ubuntu0~18.04.1 running 'modules:config' at Fri, 28 Apr 2023 00:33:54 +0000. Up 395.10 seconds.
ci-info: no authorized SSH keys fingerprints found for user ubuntu.
<14>Apr 28 00:33:56 cloud-init: #############################################################
<14>Apr 28 00:33:56 cloud-init: -----BEGIN SSH HOST KEY FINGERPRINTS-----
<14>Apr 28 00:33:56 cloud-init: 1024 SHA256:H9f7HFWi/UfB2L3DbzVk2KXCZdUO+GO4OqgzcnwEaas root@ubuntu-bionic (DSA)
<14>Apr 28 00:33:56 cloud-init: 256 SHA256:YJC74BbzPWgrLHlOAQB0fbiFxEg9QvJkg0EgPNyWxKo root@ubuntu-bionic (ECDSA)
<14>Apr 28 00:33:56 cloud-init: 256 SHA256:PtHIlgsMJ64PtopAedMXMAFoENEMUt3UD/OXtT6M72k root@ubuntu-bionic (ED25519)
<14>Apr 28 00:33:56 cloud-init: 2048 SHA256:BGkR+caQTjlYpVsbfA4Eg251anJ0MAYX7XhPMevgK9Q root@ubuntu-bionic (RSA)
<14>Apr 28 00:33:56 cloud-init: -----END SSH HOST KEY FINGERPRINTS-----
<14>Apr 28 00:33:56 cloud-init: #############################################################
-----BEGIN SSH HOST KEY KEYS-----
ecdsa-sha2-nistp256 AAAAE2VjZHNhLXNoYTItbmlzdHAyNTYAAAAIbmlzdHAyNTYAAABBBBLksnfxN6QBjp1MUeFkjOS7SgH1WqL0IF1RXjBgxH2OsRPgcO4thjxojRwLKAoGJYnaVrWiHfGfl3tAwb2qdPI= root@ubuntu-bionic
ssh-ed25519 AAAAC3NzaC1lZDI1NTE5AAAAIIgi2famIoBHvtcfEHby+h0MESpHfnXuu9bGA5nU9D/Q root@ubuntu-bionic
ssh-rsa AAAAB3NzaC1yc2EAAAADAQABAAABAQDLsRQ6sptwXLjbGBK+mtjOcBtfJPwnAF69Lbz+P7ZVH40L/REQZG2Cqf5ywbdveMlF91Ykg8GoHf7F5tU6Bnv+GiSESbfZUY0mrXmJmx87Aal4G7ngn8TEroXf6+IO4WMpe5J6wEsNlANjRND7JQMrAwQ7vH+SVG42RMowl14TIiHK0Dwg6dOLfq21dyoR8U6nBUDGb/fV0WHT3M2ve0yjoo9bGOgsxhgTs4L24pIrWjs0ZXmp1bl620W1u1X/VXGqwWfQImPpzz+UUDNR0SDOX4SjYMjCg9HmwsSkIA+6cACtegLwnS5hNil4dREzP0I58TUeoU8bAZ8Nd/rFzsJR root@ubuntu-bionic
-----END SSH HOST KEY KEYS-----
[  396.700720] cloud-init[1432]: Cloud-init v. 23.1.1-0ubuntu0~18.04.1 running 'modules:final' at Fri, 28 Apr 2023 00:33:55 +0000. Up 396.38 seconds.
[  396.700897] cloud-init[1432]: Cloud-init v. 23.1.1-0ubuntu0~18.04.1 finished at Fri, 28 Apr 2023 00:33:56 +0000. Datasource DataSourceNoCloud [seed=/dev/sdb][dsmode=net].  Up 396.69 seconds
[[0;32m  OK  [0m] Closed Load/Save RF Kill Switch Status /dev/rfkill Watch.
         Stopping Availability of block devices...
[[0;32m  OK  [0m] Stopped target Cloud-init target.
[[0;32m  OK  [0m] Stopped target Graphical Interface.
         Stopping Accounts Service...
         Stopping User Manager for UID 1000...
         Stopping Authorization Manager...
         Stopping Session 3 of user vagrant.
[[0;32m  OK  [0m] Stopped target Host and Network Name Lookups.
[[0;32m  OK  [0m] Stopped target Timers.
[[0;32m  OK  [0m] Stopped Daily Cleanup of Temporary Directories.
[[0;32m  OK  [0m] Stopped Ubuntu Advantage Timer for running repeated jobs.
[[0;32m  OK  [0m] Stopped Discard unused blocks once a week.
[[0;32m  OK  [0m] Stopped Message of the Day.
[[0;32m  OK  [0m] Stopped Daily apt upgrade and clean activities.
[[0;32m  OK  [0m] Stopped Daily apt download activities.
[[0;32m  OK  [0m] Stopped target System Time Synchronized.
[[0;32m  OK  [0m] Stopped Execute cloud user/final scripts.
[[0;32m  OK  [0m] Stopped Apply the settings specified in cloud-config.
[[0;32m  OK  [0m] Stopped target Cloud-config availability.
[[0;32m  OK  [0m] Stopped target Multi-User System.
         Stopping FUSE filesystem for LXC...
         Stopping Deferred execution scheduler...
         Stopping OpenBSD Secure Shell server...
         Stoppin[[0;32m  OK  [0m] Stopped Regular background program processing daemon.
[[0;32m  OK  [0m] Unmounted /var/lib/lxcfs.
[[0;32m  OK  [0m] Stopped irqbalance daemon.
[[0;32m  OK  [0m] Stopped Dispatcher daemon for systemd-networkd.
[[0;32m  OK  [0m] Stopped Deferred execution scheduler.
[[0;32m  OK  [0m] Stopped Accounts Service.
[[0;32m  OK  [0m] Stopped Authorization Manager.
[[0;32m  OK  [0m] Stopped System Logging Service.
[[0;32m  OK  [0m] Stopped Serial Getty on ttyS0.
[[0;32m  OK  [0m] Stopped Getty on tty1.
[[0;32m  OK  [0m] Stopped OpenBSD Secure Shell server.
[[0;32m  OK  [0m] Stopped User Manager for UID 1000.
[[0;32m  OK  [0m] Stopped D-Bus System Message Bus.
[[0;32m  OK  [0m] Stopped Session 3 of user vagrant.
[[0;32m  OK  [0m] Removed slice User Slice of vagrant.
         Stopping Login Service...
[[0;32m  OK  [0m] Removed slice system-getty.slice.
         Stopping Permit User Sessions...
[[0;32m  OK  [0m] Removed slice system-serial\x2dgetty.slice.
[[0;32m  OK  [0m] Stopped target Login Prompts (Pre).
[[0;32m  OK  [0m] Stopped Permit User Sessions.
[[0;32m  OK  [0m] Stopped LSB: Record successful boot for GRUB.
[[0;32m  OK  [0m] Stopped target Network.
         Stopping Network Name Resolution...
[[0;32m  OK  [0m] Stopped Network Name Resolution.
[[0;32m  OK  [0m] Stopped Login Service.
[[0;32m  OK  [0m] Stopped target User and Group Name Lookups.
[[0;32m  OK  [0m] Stopped Virtualbox guest utils.
[[0;32m  OK  [0m] Stopped LSB: automatic crash report generation.
[[0;32m  OK  [0m] Stopped LXD - container startup/shutdown.
[[0;32m  OK  [0m] Stopped target Remote File Systems.
[[0;32m  OK  [0m] Stopped target Remote File Systems (Pre).
[[0;32m  OK  [0m] Stopped FUSE filesystem for LXC.
[[0;32m  OK  [0m] Stopped target Basic System.
[[0;32m  OK  [0m] Stopped target Sockets.
[[0;32m  OK  [0m] Closed LXD - unix socket.
[[0;32m  OK  [0m] Closed cloud-init hotplug hook socket.
[[0;32m  OK  [0m] Closed UUID daemon activation socket.
[[0;32m  OK  [0m] Closed ACPID Listen Socket.
[[0;32m  OK  [0m] Closed Open-iSCSI iscsid Socket.
[[0;32m  OK  [0m] Closed D-Bus System Message Bus Socket.
[[0;32m  OK  [0m] Closed Syslog Socket.
[[0;32m  OK  [0m] Closed Socket activation for snappy daemon.
[[0;32m  OK  [0m] Stopped target Paths.
[[0;32m  OK  [0m] Stopped ACPI Events Check.
[[0;32m  OK  [0m] Stopped target System Initialization.
[[0;32m  OK  [0m] Stopped Initial cloud-init job (metadata service crawler).
[[0;32m  OK  [0m] Stopped Wait for Network to be Configured.
         Stopping Network Service...
[[0;32m  OK  [0m] Stopped target Local Encrypted Volumes.
[[0;32m  OK  [0m] Stopped Dispatch Password Requests to Console Directory Watch.
         Stopping Update UTMP about System Boot/Shutdown...
[[0;32m  OK  [0m] Stopped Commit a transient machine-id on disk.
         Stopping Load/Save Random Seed...
[[0;32m  OK  [0m] Stopped Forward Password Requests to Wall Directory Watch.
[[0;32m  OK  [0m] Stopped target Slices.
[[0;32m  OK  [0m] Removed slice User and Session Slice.
[[0;32m  OK  [0m] Stopped Availability of block devices.
[[0;32m  OK  [0m] Stopped Update UTMP about System Boot/Shutdown.
[[0;32m  OK  [0m] Stopped Create Volatile Files and Directories.
[[0;32m  OK  [0m] Stopped target Local File Systems.
         Unmounting /run/user/1000...
[[0;32m  OK  [0m] Stopped target Mounted snaps.
[[0;32m  OK  [0m] Stopped target Mounting snaps.
[[0;32m  OK  [0m] Stopped Load/Save Random Seed.
[[0;32m  OK  [0m] Stopped Network Service.
[[0;32m  OK  [0m] Stopped Apply Kernel Variables.
[[0;32m  OK  [0m] Stopped Load Kernel Modules.
[[0;32m  OK  [0m] Stopped target Network (Pre).
[[0;32m  OK  [0m] Stopped Initial cloud-init job (pre-networking).
[[0;32m  OK  [0m] Unmounted /run/user/1000.
[[0;32m  OK  [0m] Reached target Unmount All Filesystems.
[[0;32m  OK  [0m] Stopped target Local File Systems (Pre).
[[0;32m  OK  [0m] Stopped Create Static Device Nodes in /dev.
[[0;32m  OK  [0m] Stopped Remount Root and Kernel File Systems.
         Stopping Monitoring of LVM2 mirrors…ng dmeventd or progress polling...
[[0;32m  OK  [0m] Stopped target Swap.
[[0;32m  OK  [0m] Reached target Shutdown.
[[0;32m  OK  [0m] Reached target Final Step.
         Starting Power-Off...
[  484.900206] reboot: Power down
